Fri Jun 19 10:42:16 AM UTC 2026
$PROBLEM IIV on residual error (ferx #409): Y = IPRED + EPS*EXP(ETA)
; 1-cpt oral (ADVAN2 TRANS2). Data simulated by tests/gen_iiv_anchor.rs from the
; ferx model nonmem_anchor/iiv_on_ruv_fit.ferx (true ETA_RUV variance = 0.30).
; Reproduce: nmfe75 iiv_on_ruv.ctl iiv_on_ruv.lst
$INPUT ID TIME DV EVID AMT CMT RATE MDV
$DATA iiv_on_ruv.csv IGNORE=@
$SUBROUTINE ADVAN2 TRANS2
$PK
  CL = THETA(1)*EXP(ETA(1))
  V  = THETA(2)*EXP(ETA(2))
  KA = THETA(3)*EXP(ETA(3))
  S2 = V
$ERROR
  IPRED = F
  ; proportional residual error scaled per-subject by EXP(ETA(4)) — IIV on RUV.
  Y = IPRED + IPRED*EPS(1)*EXP(ETA(4))
$THETA
  (0.001, 0.13, 10.0)   ; TVCL
  (0.1,   8.0,  500.0)  ; TVV
  (0.01,  1.0,  50.0)   ; TVKA
$OMEGA
  0.09   ; ETA_CL
  0.04   ; ETA_V
  0.30   ; ETA_KA
  0.30   ; ETA_RUV  (IIV on residual error)
$SIGMA
  0.01   ; PROP_ERR variance (sd 0.1)
$ESTIMATION METHOD=1 INTER MAXEVAL=9999 NOABORT PRINT=5
$COVARIANCE UNCONDITIONAL

NM-TRAN MESSAGES
  
 WARNINGS AND ERRORS (IF ANY) FOR PROBLEM    1
             
 (WARNING  2) NM-TRAN INFERS THAT THE DATA ARE POPULATION.
  
Note: Analytical 2nd Derivatives are constructed in FSUBS but are never used.
      You may insert $ABBR DERIV2=NO after the first $PROB to save FSUBS construction and compilation time
  

License Registered to:  InsightRX
Expiration Date:    14 AUG 2027
Current Date:       19 JUN 2026
Days until program expires : 420
1NONLINEAR MIXED EFFECTS MODEL PROGRAM (NONMEM) VERSION 7.5.1
 ORIGINALLY DEVELOPED BY STUART BEAL, LEWIS SHEINER, AND ALISON BOECKMANN
 CURRENT DEVELOPERS ARE ROBERT BAUER, ICON DEVELOPMENT SOLUTIONS,
 AND ALISON BOECKMANN. IMPLEMENTATION, EFFICIENCY, AND STANDARDIZATION
 PERFORMED BY NOUS INFOSYSTEMS.

 PROBLEM NO.:         1
 IIV on residual error (ferx #409): Y = IPRED + EPS*EXP(ETA)
0DATA CHECKOUT RUN:              NO
 DATA SET LOCATED ON UNIT NO.:    2
 THIS UNIT TO BE REWOUND:        NO
 NO. OF DATA RECS IN DATA SET:      600
 NO. OF DATA ITEMS IN DATA SET:   8
 ID DATA ITEM IS DATA ITEM NO.:   1
 DEP VARIABLE IS DATA ITEM NO.:   3
 MDV DATA ITEM IS DATA ITEM NO.:  8
0INDICES PASSED TO SUBROUTINE PRED:
   4   2   5   7   0   0   6   0   0   0   0
0LABELS FOR DATA ITEMS:
 ID TIME DV EVID AMT CMT RATE MDV
0FORMAT FOR DATA:
 (E3.0,E4.0,E10.0,E2.0,E4.0,3E2.0)

 TOT. NO. OF OBS RECS:      550
 TOT. NO. OF INDIVIDUALS:       50
0LENGTH OF THETA:   3
0DEFAULT THETA BOUNDARY TEST OMITTED:    NO
0OMEGA HAS SIMPLE DIAGONAL FORM WITH DIMENSION:   4
0DEFAULT OMEGA BOUNDARY TEST OMITTED:    NO
0SIGMA HAS SIMPLE DIAGONAL FORM WITH DIMENSION:   1
0DEFAULT SIGMA BOUNDARY TEST OMITTED:    NO
0INITIAL ESTIMATE OF THETA:
 LOWER BOUND    INITIAL EST    UPPER BOUND
  0.1000E-02     0.1300E+00     0.1000E+02
  0.1000E+00     0.8000E+01     0.5000E+03
  0.1000E-01     0.1000E+01     0.5000E+02
0INITIAL ESTIMATE OF OMEGA:
 0.9000E-01
 0.0000E+00   0.4000E-01
 0.0000E+00   0.0000E+00   0.3000E+00
 0.0000E+00   0.0000E+00   0.0000E+00   0.3000E+00
0INITIAL ESTIMATE OF SIGMA:
 0.1000E-01
0COVARIANCE STEP OMITTED:        NO
 EIGENVLS. PRINTED:              NO
 SPECIAL COMPUTATION:            NO
 COMPRESSED FORMAT:              NO
 GRADIENT METHOD USED:     NOSLOW
 SIGDIGITS ETAHAT (SIGLO):                  -1
 SIGDIGITS GRADIENTS (SIGL):                -1
 EXCLUDE COV FOR FOCE (NOFCOV):              NO
 Cholesky Transposition of R Matrix (CHOLROFF):0
 KNUTHSUMOFF:                                -1
 RESUME COV ANALYSIS (RESUME):               NO
 SIR SAMPLE SIZE (SIRSAMPLE):
 NON-LINEARLY TRANSFORM THETAS DURING COV (THBND): 1
 PRECONDTIONING CYCLES (PRECOND):        0
 PRECONDTIONING TYPES (PRECONDS):        TOS
 FORCED PRECONDTIONING CYCLES (PFCOND):0
 PRECONDTIONING TYPE (PRETYPE):        0
 FORCED POS. DEFINITE SETTING DURING PRECONDITIONING: (FPOSDEF):0
 SIMPLE POS. DEFINITE SETTING: (POSDEF):-1
1DOUBLE PRECISION PREDPP VERSION 7.5.1

 ONE COMPARTMENT MODEL WITH FIRST-ORDER ABSORPTION (ADVAN2)
0MAXIMUM NO. OF BASIC PK PARAMETERS:   3
0BASIC PK PARAMETERS (AFTER TRANSLATION):
   ELIMINATION RATE (K) IS BASIC PK PARAMETER NO.:  1
   ABSORPTION RATE (KA) IS BASIC PK PARAMETER NO.:  3

 TRANSLATOR WILL CONVERT PARAMETERS
 CLEARANCE (CL) AND VOLUME (V) TO K (TRANS2)
0COMPARTMENT ATTRIBUTES
 COMPT. NO.   FUNCTION   INITIAL    ON/OFF      DOSE      DEFAULT    DEFAULT
                         STATUS     ALLOWED    ALLOWED    FOR DOSE   FOR OBS.
    1         DEPOT        OFF        YES        YES        YES        NO
    2         CENTRAL      ON         NO         YES        NO         YES
    3         OUTPUT       OFF        YES        NO         NO         NO
1
 ADDITIONAL PK PARAMETERS - ASSIGNMENT OF ROWS IN GG
 COMPT. NO.                             INDICES
              SCALE      BIOAVAIL.   ZERO-ORDER  ZERO-ORDER  ABSORB
                         FRACTION    RATE        DURATION    LAG
    1            *           *           *           *           *
    2            4           *           *           *           *
    3            *           -           -           -           -
             - PARAMETER IS NOT ALLOWED FOR THIS MODEL
             * PARAMETER IS NOT SUPPLIED BY PK SUBROUTINE;
               WILL DEFAULT TO ONE IF APPLICABLE
0DATA ITEM INDICES USED BY PRED ARE:
   EVENT ID DATA ITEM IS DATA ITEM NO.:      4
   TIME DATA ITEM IS DATA ITEM NO.:          2
   DOSE AMOUNT DATA ITEM IS DATA ITEM NO.:   5
   DOSE RATE DATA ITEM IS DATA ITEM NO.:     7
   COMPT. NO. DATA ITEM IS DATA ITEM NO.:    6

0PK SUBROUTINE CALLED WITH EVERY EVENT RECORD.
 PK SUBROUTINE NOT CALLED AT NONEVENT (ADDITIONAL OR LAGGED) DOSE TIMES.
0ERROR SUBROUTINE CALLED WITH EVERY EVENT RECORD.
1


 #TBLN:      1
 #METH: First Order Conditional Estimation with Interaction

 ESTIMATION STEP OMITTED:                 NO
 ANALYSIS TYPE:                           POPULATION
 NUMBER OF SADDLE POINT RESET ITERATIONS:      0
 GRADIENT METHOD USED:               NOSLOW
 CONDITIONAL ESTIMATES USED:              YES
 CENTERED ETA:                            NO
 EPS-ETA INTERACTION:                     YES
 LAPLACIAN OBJ. FUNC.:                    NO
 NO. OF FUNCT. EVALS. ALLOWED:            9999
 NO. OF SIG. FIGURES REQUIRED:            3
 INTERMEDIATE PRINTOUT:                   YES
 ESTIMATE OUTPUT TO MSF:                  NO
 ABORT WITH PRED EXIT CODE 1:             NO
 IND. OBJ. FUNC. VALUES SORTED:           NO
 NUMERICAL DERIVATIVE
       FILE REQUEST (NUMDER):               NONE
 MAP (ETAHAT) ESTIMATION METHOD (OPTMAP):   0
 ETA HESSIAN EVALUATION METHOD (ETADER):    0
 INITIAL ETA FOR MAP ESTIMATION (MCETA):    0
 SIGDIGITS FOR MAP ESTIMATION (SIGLO):      100
 GRADIENT SIGDIGITS OF
       FIXED EFFECTS PARAMETERS (SIGL):     100
 NOPRIOR SETTING (NOPRIOR):                 0
 NOCOV SETTING (NOCOV):                     OFF
 DERCONT SETTING (DERCONT):                 OFF
 FINAL ETA RE-EVALUATION (FNLETA):          1
 EXCLUDE NON-INFLUENTIAL (NON-INFL.) ETAS
       IN SHRINKAGE (ETASTYPE):             NO
 NON-INFL. ETA CORRECTION (NONINFETA):      0
 RAW OUTPUT FILE (FILE): iiv_on_ruv.ext
 EXCLUDE TITLE (NOTITLE):                   NO
 EXCLUDE COLUMN LABELS (NOLABEL):           NO
 FORMAT FOR ADDITIONAL FILES (FORMAT):      S1PE12.5
 PARAMETER ORDER FOR OUTPUTS (ORDER):       TSOL
 KNUTHSUMOFF:                               0
 INCLUDE LNTWOPI:                           NO
 INCLUDE CONSTANT TERM TO PRIOR (PRIORC):   NO
 INCLUDE CONSTANT TERM TO OMEGA (ETA) (OLNTWOPI):NO
 ADDITIONAL CONVERGENCE TEST (CTYPE=4)?:    NO
 EM OR BAYESIAN METHOD USED:                 NONE


 THE FOLLOWING LABELS ARE EQUIVALENT
 PRED=PREDI
 RES=RESI
 WRES=WRESI
 IWRS=IWRESI
 IPRD=IPREDI
 IRS=IRESI

 MONITORING OF SEARCH:


0ITERATION NO.:    0    OBJECTIVE VALUE:   579.778351060269        NO. OF FUNC. EVALS.:   6
 CUMULATIVE NO. OF FUNC. EVALS.:        6
 NPARAMETR:  1.3000E-01  8.0000E+00  1.0000E+00  9.0000E-02  4.0000E-02  3.0000E-01  3.0000E-01  1.0000E-02
 PARAMETER:  1.0000E-01  1.0000E-01  1.0000E-01  1.0000E-01  1.0000E-01  1.0000E-01  1.0000E-01  1.0000E-01
 GRADIENT:   3.6996E+01  7.2605E+01  4.5149E+01 -8.4060E+00  1.7030E+01  1.3781E+01  2.1861E+01  3.3070E+01

0ITERATION NO.:    5    OBJECTIVE VALUE:   571.503447983348        NO. OF FUNC. EVALS.:  37
 CUMULATIVE NO. OF FUNC. EVALS.:       43
 NPARAMETR:  1.1968E-01  7.8499E+00  7.8666E-01  9.8582E-02  3.0057E-02  2.2240E-01  1.7474E-01  7.3333E-03
 PARAMETER:  1.5564E-02  8.0510E-02 -1.4704E-01  1.4554E-01 -4.2899E-02 -4.9647E-02 -1.7024E-01 -5.5078E-02
 GRADIENT:  -4.4762E+01  5.3067E+01 -3.5179E+01 -7.9993E-01 -5.8787E+00 -4.2794E+00 -6.7266E+00 -2.1042E+01

0ITERATION NO.:   10    OBJECTIVE VALUE:   567.444119053812        NO. OF FUNC. EVALS.:  41
 CUMULATIVE NO. OF FUNC. EVALS.:       84
 NPARAMETR:  1.2503E-01  7.7342E+00  8.5386E-01  9.6065E-02  3.1648E-02  2.2477E-01  1.8704E-01  7.9748E-03
 PARAMETER:  6.0194E-02  6.5230E-02 -6.2693E-02  1.3261E-01 -1.7099E-02 -4.4346E-02 -1.3623E-01 -1.3147E-02
 GRADIENT:  -2.5487E+00  3.4106E+00 -1.5022E+00 -4.5804E-01 -2.8727E-01 -9.1309E-01 -9.7913E-01 -2.0910E+00

0ITERATION NO.:   15    OBJECTIVE VALUE:   567.372488712495        NO. OF FUNC. EVALS.:  61
 CUMULATIVE NO. OF FUNC. EVALS.:      145
 NPARAMETR:  1.2623E-01  7.7465E+00  8.5927E-01  9.6243E-02  3.1775E-02  2.2742E-01  1.9042E-01  8.0615E-03
 PARAMETER:  6.9924E-02  6.6867E-02 -5.6201E-02  1.3354E-01 -1.5100E-02 -3.8483E-02 -1.2728E-01 -7.7431E-03
 GRADIENT:  -3.2408E-01  1.0718E+00 -1.5087E-01 -2.0578E-01  1.4986E-01  2.6196E-02  9.8924E-02  1.5036E-01

0ITERATION NO.:   20    OBJECTIVE VALUE:   567.371993856592        NO. OF FUNC. EVALS.:  79
 CUMULATIVE NO. OF FUNC. EVALS.:      224
 NPARAMETR:  1.2627E-01  7.7432E+00  8.5955E-01  9.6385E-02  3.1739E-02  2.2738E-01  1.9027E-01  8.0555E-03
 PARAMETER:  7.0241E-02  6.6438E-02 -5.5856E-02  1.3427E-01 -1.5665E-02 -3.8579E-02 -1.2768E-01 -8.1147E-03
 GRADIENT:  -4.8857E-03 -1.2790E-01  4.8935E-04 -6.0984E-02  5.2798E-02  6.4202E-03  4.7840E-02 -3.5330E-03

0ITERATION NO.:   25    OBJECTIVE VALUE:   567.371974728663        NO. OF FUNC. EVALS.:  80
 CUMULATIVE NO. OF FUNC. EVALS.:      304
 NPARAMETR:  1.2627E-01  7.7440E+00  8.5956E-01  9.6418E-02  3.1729E-02  2.2737E-01  1.9021E-01  8.0557E-03
 PARAMETER:  7.0247E-02  6.6538E-02 -5.5852E-02  1.3444E-01 -1.5818E-02 -3.8596E-02 -1.2783E-01 -8.1012E-03
 GRADIENT:  -1.1338E-03  1.4303E-01 -3.8114E-03 -2.9381E-02  2.7124E-02  2.1378E-03  3.1786E-02 -3.8145E-03

0ITERATION NO.:   29    OBJECTIVE VALUE:   567.371969789830        NO. OF FUNC. EVALS.:  76
 CUMULATIVE NO. OF FUNC. EVALS.:      380
 NPARAMETR:  1.2627E-01  7.7440E+00  8.5956E-01  9.6431E-02  3.1725E-02  2.2737E-01  1.9018E-01  8.0558E-03
 PARAMETER:  7.0248E-02  6.6438E-02 -5.5848E-02  1.3449E-01 -1.5869E-02 -3.8601E-02 -1.2789E-01 -8.0944E-03
 GRADIENT:  -2.3781E-03 -1.3419E-01  3.7832E-04 -1.7145E-02  1.4262E-02  3.7623E-03  2.3389E-02 -1.0248E-03

 #TERM:
0MINIMIZATION TERMINATED
 DUE TO ROUNDING ERRORS (ERROR=134)
 NO. OF FUNCTION EVALUATIONS USED:      380
 NO. OF SIG. DIGITS UNREPORTABLE

 ETABAR IS THE ARITHMETIC MEAN OF THE ETA-ESTIMATES,
 AND THE P-VALUE IS GIVEN FOR THE NULL HYPOTHESIS THAT THE TRUE MEAN IS 0.

 ETABAR:        -1.5175E-03 -3.8954E-03 -4.8115E-03 -1.1507E-01
 SE:             4.3610E-02  2.4648E-02  6.5529E-02  6.1206E-02
 N:                      50          50          50          50

 P VAL.:         9.7224E-01  8.7442E-01  9.4147E-01  6.0094E-02

 ETASHRINKSD(%)  6.9641E-01  2.1505E+00  2.8251E+00  7.5875E-01
 ETASHRINKVR(%)  1.3880E+00  4.2547E+00  5.5703E+00  1.5117E+00
 EBVSHRINKSD(%)  7.4652E-01  3.4118E+00  3.0647E+00  1.0314E+01
 EBVSHRINKVR(%)  1.4875E+00  6.7072E+00  6.0355E+00  1.9565E+01
 RELATIVEINF(%)  9.8497E+01  9.3128E+01  9.3814E+01  8.0427E+01
 EPSSHRINKSD(%)  2.7892E+00
 EPSSHRINKVR(%)  5.5006E+00

  
 TOTAL DATA POINTS NORMALLY DISTRIBUTED (N):          550
 N*LOG(2PI) CONSTANT TO OBJECTIVE FUNCTION:    1010.8323865251399     
 OBJECTIVE FUNCTION VALUE WITHOUT CONSTANT:    567.37196978983025     
 OBJECTIVE FUNCTION VALUE WITH CONSTANT:       1578.2043563149700     
 REPORTED OBJECTIVE FUNCTION DOES NOT CONTAIN CONSTANT
  
 TOTAL EFFECTIVE ETAS (NIND*NETA):                           200
  
 #TERE:
 Elapsed estimation  time in seconds:     1.00
 Elapsed covariance  time in seconds:     0.34
 Elapsed postprocess time in seconds:     0.00
1
 
 
 
 
 
 
 
 
 
 
 
 
 
 
 
 
 
 
 
 
 ************************************************************************************************************************
 ********************                                                                                ********************
 ********************               FIRST ORDER CONDITIONAL ESTIMATION WITH INTERACTION              ********************
 #OBJT:**************                       MINIMUM VALUE OF OBJECTIVE FUNCTION                      ********************
 ********************                                                                                ********************
 ************************************************************************************************************************
 





 #OBJV:********************************************      567.372       **************************************************
1
 ************************************************************************************************************************
 ********************                                                                                ********************
 ********************               FIRST ORDER CONDITIONAL ESTIMATION WITH INTERACTION              ********************
 ********************                             FINAL PARAMETER ESTIMATE                           ********************
 ********************                                                                                ********************
 ************************************************************************************************************************
 


 THETA - VECTOR OF FIXED EFFECTS PARAMETERS   *********


         TH 1      TH 2      TH 3     
 
         1.26E-01  7.74E+00  8.60E-01
 


 OMEGA - COV MATRIX FOR RANDOM EFFECTS - ETAS  ********


         ETA1      ETA2      ETA3      ETA4     
 
 ETA1
+        9.64E-02
 
 ETA2
+        0.00E+00  3.17E-02
 
 ETA3
+        0.00E+00  0.00E+00  2.27E-01
 
 ETA4
+        0.00E+00  0.00E+00  0.00E+00  1.90E-01
 


 SIGMA - COV MATRIX FOR RANDOM EFFECTS - EPSILONS  ****


         EPS1     
 
 EPS1
+        8.06E-03
 
1


 OMEGA - CORR MATRIX FOR RANDOM EFFECTS - ETAS  *******


         ETA1      ETA2      ETA3      ETA4     
 
 ETA1
+        3.11E-01
 
 ETA2
+        0.00E+00  1.78E-01
 
 ETA3
+        0.00E+00  0.00E+00  4.77E-01
 
 ETA4
+        0.00E+00  0.00E+00  0.00E+00  4.36E-01
 


 SIGMA - CORR MATRIX FOR RANDOM EFFECTS - EPSILONS  ***


         EPS1     
 
 EPS1
+        8.98E-02
 
1
 ************************************************************************************************************************
 ********************                                                                                ********************
 ********************               FIRST ORDER CONDITIONAL ESTIMATION WITH INTERACTION              ********************
 ********************                            STANDARD ERROR OF ESTIMATE                          ********************
 ********************                                                                                ********************
 ************************************************************************************************************************
 


 THETA - VECTOR OF FIXED EFFECTS PARAMETERS   *********


         TH 1      TH 2      TH 3     
 
         5.65E-03  2.02E-01  5.85E-02
 


 OMEGA - COV MATRIX FOR RANDOM EFFECTS - ETAS  ********


         ETA1      ETA2      ETA3      ETA4     
 
 ETA1
+        2.19E-02
 
 ETA2
+       .........  8.10E-03
 
 ETA3
+       ......... .........  5.00E-02
 
 ETA4
+       ......... ......... .........  6.40E-02
 


 SIGMA - COV MATRIX FOR RANDOM EFFECTS - EPSILONS  ****


         EPS1     
 
 EPS1
+        1.25E-03
 
1


 OMEGA - CORR MATRIX FOR RANDOM EFFECTS - ETAS  *******


         ETA1      ETA2      ETA3      ETA4     
 
 ETA1
+        3.52E-02
 
 ETA2
+       .........  2.27E-02
 
 ETA3
+       ......... .........  5.24E-02
 
 ETA4
+       ......... ......... .........  7.34E-02
 


 SIGMA - CORR MATRIX FOR RANDOM EFFECTS - EPSILONS  ***


         EPS1     
 
 EPS1
+        6.97E-03
 
1
 ************************************************************************************************************************
 ********************                                                                                ********************
 ********************               FIRST ORDER CONDITIONAL ESTIMATION WITH INTERACTION              ********************
 ********************                          COVARIANCE MATRIX OF ESTIMATE                         ********************
 ********************                                                                                ********************
 ************************************************************************************************************************
 

            TH 1      TH 2      TH 3      OM11      OM12      OM13      OM14      OM22      OM23      OM24      OM33      OM34  
             OM44      SG11  
 
 TH 1
+        3.19E-05
 
 TH 2
+        4.31E-05  4.07E-02
 
 TH 3
+       -3.11E-05 -1.05E-03  3.42E-03
 
 OM11
+       -4.04E-05 -2.51E-04  9.74E-05  4.78E-04
 
 OM12
+       ......... ......... ......... ......... .........
 
 OM13
+       ......... ......... ......... ......... ......... .........
 
 OM14
+       ......... ......... ......... ......... ......... ......... .........
 
 OM22
+       -4.43E-06  5.69E-04 -6.58E-05  1.49E-05 ......... ......... .........  6.57E-05
 
 OM23
+       ......... ......... ......... ......... ......... ......... ......... ......... .........
 
 OM24
+       ......... ......... ......... ......... ......... ......... ......... ......... ......... .........
 
 OM33
+        2.06E-06 -1.05E-03  1.29E-04 -1.10E-04 ......... ......... ......... -6.14E-05 ......... .........  2.50E-03
 
 OM34
+       ......... ......... ......... ......... ......... ......... ......... ......... ......... ......... ......... .........
 
 OM44
+        6.84E-05  1.42E-03  9.38E-05  1.63E-04 ......... ......... ......... -1.69E-05 ......... ......... -3.67E-04 .........
          4.10E-03
 
 SG11
+        1.97E-06 -3.51E-05  1.32E-05 -6.40E-06 ......... ......... ......... -1.31E-06 ......... .........  4.51E-06 .........
          1.05E-05  1.57E-06
 
1
 ************************************************************************************************************************
 ********************                                                                                ********************
 ********************               FIRST ORDER CONDITIONAL ESTIMATION WITH INTERACTION              ********************
 ********************                          CORRELATION MATRIX OF ESTIMATE                        ********************
 ********************                                                                                ********************
 ************************************************************************************************************************
 

            TH 1      TH 2      TH 3      OM11      OM12      OM13      OM14      OM22      OM23      OM24      OM33      OM34  
             OM44      SG11  
 
 TH 1
+        5.65E-03
 
 TH 2
+        3.78E-02  2.02E-01
 
 TH 3
+       -9.41E-02 -8.86E-02  5.85E-02
 
 OM11
+       -3.27E-01 -5.68E-02  7.61E-02  2.19E-02
 
 OM12
+       ......... ......... ......... ......... .........
 
 OM13
+       ......... ......... ......... ......... ......... .........
 
 OM14
+       ......... ......... ......... ......... ......... ......... .........
 
 OM22
+       -9.67E-02  3.48E-01 -1.39E-01  8.39E-02 ......... ......... .........  8.10E-03
 
 OM23
+       ......... ......... ......... ......... ......... ......... ......... ......... .........
 
 OM24
+       ......... ......... ......... ......... ......... ......... ......... ......... ......... .........
 
 OM33
+        7.30E-03 -1.04E-01  4.43E-02 -1.01E-01 ......... ......... ......... -1.52E-01 ......... .........  5.00E-02
 
 OM34
+       ......... ......... ......... ......... ......... ......... ......... ......... ......... ......... ......... .........
 
 OM44
+        1.89E-01  1.10E-01  2.50E-02  1.16E-01 ......... ......... ......... -3.25E-02 ......... ......... -1.15E-01 .........
          6.40E-02
 
 SG11
+        2.78E-01 -1.39E-01  1.81E-01 -2.34E-01 ......... ......... ......... -1.30E-01 ......... .........  7.21E-02 .........
          1.32E-01  1.25E-03
 
1
 ************************************************************************************************************************
 ********************                                                                                ********************
 ********************               FIRST ORDER CONDITIONAL ESTIMATION WITH INTERACTION              ********************
 ********************                      INVERSE COVARIANCE MATRIX OF ESTIMATE                     ********************
 ********************                                                                                ********************
 ************************************************************************************************************************
 

            TH 1      TH 2      TH 3      OM11      OM12      OM13      OM14      OM22      OM23      OM24      OM33      OM34  
             OM44      SG11  
 
 TH 1
+        3.95E+04
 
 TH 2
+       -4.75E+01  2.95E+01
 
 TH 3
+        4.58E+02  1.60E-01  3.17E+02
 
 OM11
+        2.90E+03  3.46E+01 -7.98E+01  2.58E+03
 
 OM12
+       ......... ......... ......... ......... .........
 
 OM13
+       ......... ......... ......... ......... ......... .........
 
 OM14
+       ......... ......... ......... ......... ......... ......... .........
 
 OM22
+        2.04E+03 -2.51E+02  2.92E+02 -5.68E+02 ......... ......... .........  1.83E+04
 
 OM23
+       ......... ......... ......... ......... ......... ......... ......... ......... .........
 
 OM24
+       ......... ......... ......... ......... ......... ......... ......... ......... ......... .........
 
 OM33
+        7.13E+01  4.47E+00 -7.58E+00  7.38E+01 ......... ......... .........  3.29E+02 ......... .........  4.21E+02
 
 OM34
+       ......... ......... ......... ......... ......... ......... ......... ......... ......... ......... ......... .........
 
 OM44
+       -6.59E+02 -1.33E+01 -2.79E+00 -1.80E+02 ......... ......... .........  1.73E+02 ......... .........  3.57E+01 .........
          2.76E+02
 
 SG11
+       -3.68E+04  7.28E+02 -3.30E+03  8.88E+03 ......... ......... .........  2.71E+02 ......... ......... -8.00E+02 .........
         -2.00E+03  7.81E+05
 
 Elapsed finaloutput time in seconds:     0.00
 #CPUT: Total CPU Time in Seconds,        1.370
Stop Time:
Fri Jun 19 10:42:19 AM UTC 2026
