Wed Jul  1 11:26:08 AM CEST 2026
$PROBLEM first_order(ka) + estimated lag (ALAG1) -- NONMEM anchor for PR2 of #486
; ferx's built-in first_order(ka) input-rate function feeding `central` directly
; is mathematically identical to the classic depot->central first-order
; absorption (the "input into central" from an exponentially-decaying depot IS
; R_in(tad) = dose*ka*exp(-ka*tad)) -- so this is a plain, standard ADVAN2 TRANS2
; model with ALAG1, no $DES/PODO tricks needed. Validates the event-driven ODE
; sensitivity walk's new rate-on onset saltation for the lagtime + input-rate
; combination (the highest-risk new math in PR2, since first_order's onset
; R_in(0+) = dose*ka is always finite and nonzero, unlike igd's which vanishes).

$INPUT ID TIME DV AMT EVID CMT MDV
$DATA first_order_alag_nm.csv IGNORE=@

$SUBROUTINES ADVAN2 TRANS2

$PK
  CL    = THETA(1)*EXP(ETA(1))
  V     = THETA(2)
  KA    = THETA(3)*EXP(ETA(2))
  ALAG1 = THETA(4)
  S2    = V

$ERROR
  IPRED = F
  Y = IPRED*(1.0 + EPS(1))

$THETA
  (0.1,  5.0,  100)   ; 1 CL
  (5.0,  50.0, 500)   ; 2 V
  (0.05, 1.0,  20)    ; 3 KA
  (0.01, 0.5,  5)     ; 4 ALAG1

$OMEGA
  0.09    ; IIV CL
  0.04    ; IIV KA

$SIGMA
  0.01    ; proportional residual variance (0.10^2)

$ESTIMATION METHOD=1 INTER MAXEVAL=9999 PRINT=5 NOABORT
$COVARIANCE
$TABLE ID TIME DV IPRED CWRES MDV NOPRINT ONEHEADER FILE=first_order_alag.tab

NM-TRAN MESSAGES
  
 WARNINGS AND ERRORS (IF ANY) FOR PROBLEM    1
             
 (WARNING  2) NM-TRAN INFERS THAT THE DATA ARE POPULATION.
  
Note: Analytical 2nd Derivatives are constructed in FSUBS but are never used.
      You may insert $ABBR DERIV2=NO after the first $PROB to save FSUBS construction and compilation time
  

License Registered to: Leiden Academic Center for Drug Research Gorlaeus Labs (with RADAR5NM)
Expiration Date:    14 JAN 2027
Current Date:        1 JUL 2026
Days until program expires : 198
1NONLINEAR MIXED EFFECTS MODEL PROGRAM (NONMEM) VERSION 7.5.1
 ORIGINALLY DEVELOPED BY STUART BEAL, LEWIS SHEINER, AND ALISON BOECKMANN
 CURRENT DEVELOPERS ARE ROBERT BAUER, ICON DEVELOPMENT SOLUTIONS,
 AND ALISON BOECKMANN. IMPLEMENTATION, EFFICIENCY, AND STANDARDIZATION
 PERFORMED BY NOUS INFOSYSTEMS.

 PROBLEM NO.:         1
 first_order(ka) + estimated lag (ALAG1) -- NONMEM anchor for PR2 of #486
0DATA CHECKOUT RUN:              NO
 DATA SET LOCATED ON UNIT NO.:    2
 THIS UNIT TO BE REWOUND:        NO
 NO. OF DATA RECS IN DATA SET:      300
 NO. OF DATA ITEMS IN DATA SET:   7
 ID DATA ITEM IS DATA ITEM NO.:   1
 DEP VARIABLE IS DATA ITEM NO.:   3
 MDV DATA ITEM IS DATA ITEM NO.:  7
0INDICES PASSED TO SUBROUTINE PRED:
   5   2   4   0   0   0   6   0   0   0   0
0LABELS FOR DATA ITEMS:
 ID TIME DV AMT EVID CMT MDV
0(NONBLANK) LABELS FOR PRED-DEFINED ITEMS:
 IPRED
0FORMAT FOR DATA:
 (7E7.0)

 TOT. NO. OF OBS RECS:      270
 TOT. NO. OF INDIVIDUALS:       30
0LENGTH OF THETA:   4
0DEFAULT THETA BOUNDARY TEST OMITTED:    NO
0OMEGA HAS SIMPLE DIAGONAL FORM WITH DIMENSION:   2
0DEFAULT OMEGA BOUNDARY TEST OMITTED:    NO
0SIGMA HAS SIMPLE DIAGONAL FORM WITH DIMENSION:   1
0DEFAULT SIGMA BOUNDARY TEST OMITTED:    NO
0INITIAL ESTIMATE OF THETA:
 LOWER BOUND    INITIAL EST    UPPER BOUND
  0.1000E+00     0.5000E+01     0.1000E+03
  0.5000E+01     0.5000E+02     0.5000E+03
  0.5000E-01     0.1000E+01     0.2000E+02
  0.1000E-01     0.5000E+00     0.5000E+01
0INITIAL ESTIMATE OF OMEGA:
 0.9000E-01
 0.0000E+00   0.4000E-01
0INITIAL ESTIMATE OF SIGMA:
 0.1000E-01
0COVARIANCE STEP OMITTED:        NO
 EIGENVLS. PRINTED:              NO
 SPECIAL COMPUTATION:            NO
 COMPRESSED FORMAT:              NO
 GRADIENT METHOD USED:     NOSLOW
 SIGDIGITS ETAHAT (SIGLO):                  -1
 SIGDIGITS GRADIENTS (SIGL):                -1
 EXCLUDE COV FOR FOCE (NOFCOV):              NO
 Cholesky Transposition of R Matrix (CHOLROFF):0
 KNUTHSUMOFF:                                -1
 RESUME COV ANALYSIS (RESUME):               NO
 SIR SAMPLE SIZE (SIRSAMPLE):
 NON-LINEARLY TRANSFORM THETAS DURING COV (THBND): 1
 PRECONDTIONING CYCLES (PRECOND):        0
 PRECONDTIONING TYPES (PRECONDS):        TOS
 FORCED PRECONDTIONING CYCLES (PFCOND):0
 PRECONDTIONING TYPE (PRETYPE):        0
 FORCED POS. DEFINITE SETTING DURING PRECONDITIONING: (FPOSDEF):0
 SIMPLE POS. DEFINITE SETTING: (POSDEF):-1
0TABLES STEP OMITTED:    NO
 NO. OF TABLES:           1
 SEED NUMBER (SEED):    11456
 NPDTYPE:    0
 INTERPTYPE:    0
 RANMETHOD:             3U
 MC SAMPLES (ESAMPLE):    300
 WRES SQUARE ROOT TYPE (WRESCHOL): EIGENVALUE
0-- TABLE   1 --
0RECORDS ONLY:    ALL
04 COLUMNS APPENDED:    YES
 PRINTED:                NO
 HEADER:                YES
 FILE TO BE FORWARDED:   NO
 FORMAT:                S1PE11.4
 IDFORMAT:
 LFORMAT:
 RFORMAT:
 FIXED_EFFECT_ETAS:
0USER-CHOSEN ITEMS:
 ID TIME DV IPRED CWRES MDV
1DOUBLE PRECISION PREDPP VERSION 7.5.1

 ONE COMPARTMENT MODEL WITH FIRST-ORDER ABSORPTION (ADVAN2)
0MAXIMUM NO. OF BASIC PK PARAMETERS:   3
0BASIC PK PARAMETERS (AFTER TRANSLATION):
   ELIMINATION RATE (K) IS BASIC PK PARAMETER NO.:  1
   ABSORPTION RATE (KA) IS BASIC PK PARAMETER NO.:  3

 TRANSLATOR WILL CONVERT PARAMETERS
 CLEARANCE (CL) AND VOLUME (V) TO K (TRANS2)
0COMPARTMENT ATTRIBUTES
 COMPT. NO.   FUNCTION   INITIAL    ON/OFF      DOSE      DEFAULT    DEFAULT
                         STATUS     ALLOWED    ALLOWED    FOR DOSE   FOR OBS.
    1         DEPOT        OFF        YES        YES        YES        NO
    2         CENTRAL      ON         NO         YES        NO         YES
    3         OUTPUT       OFF        YES        NO         NO         NO
1
 ADDITIONAL PK PARAMETERS - ASSIGNMENT OF ROWS IN GG
 COMPT. NO.                             INDICES
              SCALE      BIOAVAIL.   ZERO-ORDER  ZERO-ORDER  ABSORB
                         FRACTION    RATE        DURATION    LAG
    1            *           *           *           *           4
    2            5           *           *           *           *
    3            *           -           -           -           -
             - PARAMETER IS NOT ALLOWED FOR THIS MODEL
             * PARAMETER IS NOT SUPPLIED BY PK SUBROUTINE;
               WILL DEFAULT TO ONE IF APPLICABLE
0DATA ITEM INDICES USED BY PRED ARE:
   EVENT ID DATA ITEM IS DATA ITEM NO.:      5
   TIME DATA ITEM IS DATA ITEM NO.:          2
   DOSE AMOUNT DATA ITEM IS DATA ITEM NO.:   4
   COMPT. NO. DATA ITEM IS DATA ITEM NO.:    6

0PK SUBROUTINE CALLED WITH EVERY EVENT RECORD.
 PK SUBROUTINE NOT CALLED AT NONEVENT (ADDITIONAL OR LAGGED) DOSE TIMES.
0ERROR SUBROUTINE CALLED WITH EVERY EVENT RECORD.
1


 #TBLN:      1
 #METH: First Order Conditional Estimation with Interaction

 ESTIMATION STEP OMITTED:                 NO
 ANALYSIS TYPE:                           POPULATION
 NUMBER OF SADDLE POINT RESET ITERATIONS:      0
 GRADIENT METHOD USED:               NOSLOW
 CONDITIONAL ESTIMATES USED:              YES
 CENTERED ETA:                            NO
 EPS-ETA INTERACTION:                     YES
 LAPLACIAN OBJ. FUNC.:                    NO
 NO. OF FUNCT. EVALS. ALLOWED:            9999
 NO. OF SIG. FIGURES REQUIRED:            3
 INTERMEDIATE PRINTOUT:                   YES
 ESTIMATE OUTPUT TO MSF:                  NO
 ABORT WITH PRED EXIT CODE 1:             NO
 IND. OBJ. FUNC. VALUES SORTED:           NO
 NUMERICAL DERIVATIVE
       FILE REQUEST (NUMDER):               NONE
 MAP (ETAHAT) ESTIMATION METHOD (OPTMAP):   0
 ETA HESSIAN EVALUATION METHOD (ETADER):    0
 INITIAL ETA FOR MAP ESTIMATION (MCETA):    0
 SIGDIGITS FOR MAP ESTIMATION (SIGLO):      100
 GRADIENT SIGDIGITS OF
       FIXED EFFECTS PARAMETERS (SIGL):     100
 NOPRIOR SETTING (NOPRIOR):                 0
 NOCOV SETTING (NOCOV):                     OFF
 DERCONT SETTING (DERCONT):                 OFF
 FINAL ETA RE-EVALUATION (FNLETA):          1
 EXCLUDE NON-INFLUENTIAL (NON-INFL.) ETAS
       IN SHRINKAGE (ETASTYPE):             NO
 NON-INFL. ETA CORRECTION (NONINFETA):      0
 RAW OUTPUT FILE (FILE): first_order_alag.ext
 EXCLUDE TITLE (NOTITLE):                   NO
 EXCLUDE COLUMN LABELS (NOLABEL):           NO
 FORMAT FOR ADDITIONAL FILES (FORMAT):      S1PE12.5
 PARAMETER ORDER FOR OUTPUTS (ORDER):       TSOL
 KNUTHSUMOFF:                               0
 INCLUDE LNTWOPI:                           NO
 INCLUDE CONSTANT TERM TO PRIOR (PRIORC):   NO
 INCLUDE CONSTANT TERM TO OMEGA (ETA) (OLNTWOPI):NO
 ADDITIONAL CONVERGENCE TEST (CTYPE=4)?:    NO
 EM OR BAYESIAN METHOD USED:                 NONE


 THE FOLLOWING LABELS ARE EQUIVALENT
 PRED=PREDI
 RES=RESI
 WRES=WRESI
 IWRS=IWRESI
 IPRD=IPREDI
 IRS=IRESI

 MONITORING OF SEARCH:


0ITERATION NO.:    0    OBJECTIVE VALUE:  -1041.64364983108        NO. OF FUNC. EVALS.:   7
 CUMULATIVE NO. OF FUNC. EVALS.:        7
 NPARAMETR:  5.0000E+00  5.0000E+01  1.0000E+00  5.0000E-01  9.0000E-02  4.0000E-02  1.0000E-02
 PARAMETER:  1.0000E-01  1.0000E-01  1.0000E-01  1.0000E-01  1.0000E-01  1.0000E-01  1.0000E-01
 GRADIENT:  -1.8735E+01  8.6616E+01 -4.2917E+01  1.3643E+02  1.4190E+01  1.7075E+01  1.0179E+01

0ITERATION NO.:    5    OBJECTIVE VALUE:  -1045.82311839396        NO. OF FUNC. EVALS.:  45
 CUMULATIVE NO. OF FUNC. EVALS.:       52
 NPARAMETR:  5.1835E+00  4.9388E+01  1.0284E+00  4.9773E-01  6.2856E-02  2.5547E-02  9.5513E-03
 PARAMETER:  1.3871E-01  8.4944E-02  1.3093E-01  9.4857E-02 -7.9484E-02 -1.2417E-01  7.7047E-02
 GRADIENT:   7.7869E+00 -7.9906E+01  3.6271E+01 -1.9430E+02 -2.8930E+00  1.4228E+00 -7.7517E+00

0ITERATION NO.:   10    OBJECTIVE VALUE:  -1046.67355773314        NO. OF FUNC. EVALS.:  52
 CUMULATIVE NO. OF FUNC. EVALS.:      104
 NPARAMETR:  5.1481E+00  4.9696E+01  1.0238E+00  4.9923E-01  6.6433E-02  2.4220E-02  9.7445E-03
 PARAMETER:  1.3134E-01  9.2546E-02  1.2601E-01  9.8261E-02 -5.1811E-02 -1.5084E-01  8.7060E-02
 GRADIENT:  -3.9136E+00 -1.7915E+00 -4.5293E-01 -1.9146E+00 -4.3877E-02 -2.4014E-01 -6.2608E-01

0ITERATION NO.:   13    OBJECTIVE VALUE:  -1046.68533857501        NO. OF FUNC. EVALS.:  42
 CUMULATIVE NO. OF FUNC. EVALS.:      146
 NPARAMETR:  5.1733E+00  4.9720E+01  1.0250E+00  4.9929E-01  6.6478E-02  2.4357E-02  9.7615E-03
 PARAMETER:  1.3657E-01  9.3127E-02  1.2726E-01  9.8392E-02 -5.1469E-02 -1.4802E-01  8.7931E-02
 GRADIENT:   6.5398E-03  9.6112E-03 -7.9424E-03 -2.8440E-02  7.8316E-04 -7.9850E-03  1.1214E-02

 #TERM:
0MINIMIZATION SUCCESSFUL
 NO. OF FUNCTION EVALUATIONS USED:      146
 NO. OF SIG. DIGITS IN FINAL EST.:  3.2

 ETABAR IS THE ARITHMETIC MEAN OF THE ETA-ESTIMATES,
 AND THE P-VALUE IS GIVEN FOR THE NULL HYPOTHESIS THAT THE TRUE MEAN IS 0.

 ETABAR:         1.0510E-03 -9.3327E-04
 SE:             4.6619E-02  2.6016E-02
 N:                      30          30

 P VAL.:         9.8201E-01  9.7138E-01

 ETASHRINKSD(%)  9.6599E-01  8.6967E+00
 ETASHRINKVR(%)  1.9226E+00  1.6637E+01
 EBVSHRINKSD(%)  8.0454E-01  8.6621E+00
 EBVSHRINKVR(%)  1.6026E+00  1.6574E+01
 RELATIVEINF(%)  9.8394E+01  8.3423E+01
 EPSSHRINKSD(%)  1.0329E+01
 EPSSHRINKVR(%)  1.9592E+01

  
 TOTAL DATA POINTS NORMALLY DISTRIBUTED (N):          270
 N*LOG(2PI) CONSTANT TO OBJECTIVE FUNCTION:    496.22680793052325     
 OBJECTIVE FUNCTION VALUE WITHOUT CONSTANT:   -1046.6853385750098     
 OBJECTIVE FUNCTION VALUE WITH CONSTANT:      -550.45853064448659     
 REPORTED OBJECTIVE FUNCTION DOES NOT CONTAIN CONSTANT
  
 TOTAL EFFECTIVE ETAS (NIND*NETA):                            60
  
 #TERE:
 Elapsed estimation  time in seconds:     0.89
 Elapsed covariance  time in seconds:     0.92
 Elapsed postprocess time in seconds:     0.04
1
 
 
 
 
 
 
 
 
 
 
 
 
 
 
 
 
 
 
 
 
 ************************************************************************************************************************
 ********************                                                                                ********************
 ********************               FIRST ORDER CONDITIONAL ESTIMATION WITH INTERACTION              ********************
 #OBJT:**************                       MINIMUM VALUE OF OBJECTIVE FUNCTION                      ********************
 ********************                                                                                ********************
 ************************************************************************************************************************
 





 #OBJV:********************************************    -1046.685       **************************************************
1
 ************************************************************************************************************************
 ********************                                                                                ********************
 ********************               FIRST ORDER CONDITIONAL ESTIMATION WITH INTERACTION              ********************
 ********************                             FINAL PARAMETER ESTIMATE                           ********************
 ********************                                                                                ********************
 ************************************************************************************************************************
 


 THETA - VECTOR OF FIXED EFFECTS PARAMETERS   *********


         TH 1      TH 2      TH 3      TH 4     
 
         5.17E+00  4.97E+01  1.02E+00  4.99E-01
 


 OMEGA - COV MATRIX FOR RANDOM EFFECTS - ETAS  ********


         ETA1      ETA2     
 
 ETA1
+        6.65E-02
 
 ETA2
+        0.00E+00  2.44E-02
 


 SIGMA - COV MATRIX FOR RANDOM EFFECTS - EPSILONS  ****


         EPS1     
 
 EPS1
+        9.76E-03
 
1


 OMEGA - CORR MATRIX FOR RANDOM EFFECTS - ETAS  *******


         ETA1      ETA2     
 
 ETA1
+        2.58E-01
 
 ETA2
+        0.00E+00  1.56E-01
 


 SIGMA - CORR MATRIX FOR RANDOM EFFECTS - EPSILONS  ***


         EPS1     
 
 EPS1
+        9.88E-02
 
1
 ************************************************************************************************************************
 ********************                                                                                ********************
 ********************               FIRST ORDER CONDITIONAL ESTIMATION WITH INTERACTION              ********************
 ********************                            STANDARD ERROR OF ESTIMATE                          ********************
 ********************                                                                                ********************
 ************************************************************************************************************************
 


 THETA - VECTOR OF FIXED EFFECTS PARAMETERS   *********


         TH 1      TH 2      TH 3      TH 4     
 
         2.47E-01  6.56E-01  3.60E-02  2.29E-03
 


 OMEGA - COV MATRIX FOR RANDOM EFFECTS - ETAS  ********


         ETA1      ETA2     
 
 ETA1
+        1.71E-02
 
 ETA2
+       .........  7.46E-03
 


 SIGMA - COV MATRIX FOR RANDOM EFFECTS - EPSILONS  ****


         EPS1     
 
 EPS1
+        9.91E-04
 
1


 OMEGA - CORR MATRIX FOR RANDOM EFFECTS - ETAS  *******


         ETA1      ETA2     
 
 ETA1
+        3.31E-02
 
 ETA2
+       .........  2.39E-02
 


 SIGMA - CORR MATRIX FOR RANDOM EFFECTS - EPSILONS  ***


         EPS1     
 
 EPS1
+        5.02E-03
 
1
 ************************************************************************************************************************
 ********************                                                                                ********************
 ********************               FIRST ORDER CONDITIONAL ESTIMATION WITH INTERACTION              ********************
 ********************                          COVARIANCE MATRIX OF ESTIMATE                         ********************
 ********************                                                                                ********************
 ************************************************************************************************************************
 

            TH 1      TH 2      TH 3      TH 4      OM11      OM12      OM22      SG11  
 
 TH 1
+        6.08E-02
 
 TH 2
+        2.14E-02  4.30E-01
 
 TH 3
+        1.74E-03  6.83E-03  1.30E-03
 
 TH 4
+        2.00E-05  2.20E-04  3.95E-05  5.25E-06
 
 OM11
+        1.30E-03  3.36E-03  2.70E-05 -9.03E-06  2.91E-04
 
 OM12
+       ......... ......... ......... ......... ......... .........
 
 OM22
+       -3.25E-04 -3.71E-04  8.24E-05  2.13E-07 -9.57E-06 .........  5.57E-05
 
 SG11
+        3.33E-05  2.51E-04  3.48E-06  1.87E-07  1.04E-06 ......... -1.52E-06  9.82E-07
 
1
 ************************************************************************************************************************
 ********************                                                                                ********************
 ********************               FIRST ORDER CONDITIONAL ESTIMATION WITH INTERACTION              ********************
 ********************                          CORRELATION MATRIX OF ESTIMATE                        ********************
 ********************                                                                                ********************
 ************************************************************************************************************************
 

            TH 1      TH 2      TH 3      TH 4      OM11      OM12      OM22      SG11  
 
 TH 1
+        2.47E-01
 
 TH 2
+        1.32E-01  6.56E-01
 
 TH 3
+        1.96E-01  2.89E-01  3.60E-02
 
 TH 4
+        3.54E-02  1.46E-01  4.79E-01  2.29E-03
 
 OM11
+        3.08E-01  3.00E-01  4.40E-02 -2.31E-01  1.71E-02
 
 OM12
+       ......... ......... ......... ......... ......... .........
 
 OM22
+       -1.77E-01 -7.58E-02  3.06E-01  1.25E-02 -7.52E-02 .........  7.46E-03
 
 SG11
+        1.36E-01  3.86E-01  9.75E-02  8.23E-02  6.13E-02 ......... -2.05E-01  9.91E-04
 
1
 ************************************************************************************************************************
 ********************                                                                                ********************
 ********************               FIRST ORDER CONDITIONAL ESTIMATION WITH INTERACTION              ********************
 ********************                      INVERSE COVARIANCE MATRIX OF ESTIMATE                     ********************
 ********************                                                                                ********************
 ************************************************************************************************************************
 

            TH 1      TH 2      TH 3      TH 4      OM11      OM12      OM22      SG11  
 
 TH 1
+        2.02E+01
 
 TH 2
+        6.10E-01  3.31E+00
 
 TH 3
+       -3.88E+01 -1.47E+01  1.34E+03
 
 TH 4
+        5.02E+01 -7.12E+01 -9.45E+03  2.82E+05
 
 OM11
+       -8.53E+01 -3.84E+01 -1.48E+02  1.07E+04  4.59E+03
 
 OM12
+       ......... ......... ......... ......... ......... .........
 
 OM22
+        1.54E+02  2.11E+01 -2.34E+03  1.48E+04  4.02E+02 .........  2.33E+04
 
 SG11
+       -3.83E+02 -7.26E+02 -1.36E+03  8.00E+03  6.96E+03 .........  3.05E+04  1.26E+06
 
 Elapsed finaloutput time in seconds:     0.04
 #CPUT: Total CPU Time in Seconds,        1.981
Stop Time:
Wed Jul  1 11:26:20 AM CEST 2026
