Sun Jun 28 05:50:34 PM UTC 2026
$PROBLEM Parallel dual first-order absorption -- NONMEM anchor for ferx FR1*first_order(ka=KA1)+FR2*first_order(ka=KA2) [#505]
; Reference fit for ferx's parallel (dual first-order) absorption: two first-order
; (Bateman) absorption pathways feeding a 1-cpt central compartment, split by a dose
; fraction FR1 / (1-FR1). Mirrors examples/parallel_absorption.ferx and the biphasic
; IG anchor (nonmem_anchor/freijer_biphasic_ig.ctl) -- same $DES + F1=0 + PODO trick,
; with each IG density replaced by a first-order input KA*exp(-KA*tad).
;
; The dataset parallel_oral.csv is simulated FROM this model
; (nonmem_anchor/simulate_parallel_data.py, same truths), so this is a matched
; (well-specified) fit: ferx and NONMEM should agree on OFV/THETA AND both recover
; the data-generating values.
;
; Identifiability: the two pathways are exchangeable (pathway 1 <-> 2 with
; FR1 <-> 1-FR1, KA1 <-> KA2). The KA1 > KA2 bounds below (fast vs slow) break that
; label symmetry; keep the same convention in the ferx fit when comparing.

$INPUT ID TIME DV AMT EVID CMT MDV
$DATA parallel_oral.csv IGNORE=@

$SUBROUTINES ADVAN13 TOL=9
$MODEL
  COMP=(DEPOT,DEFDOSE)     ; 1 = inert dose carrier (F1=0); first-order sum feeds central
  COMP=(CENTRAL,DEFOBS)    ; 2 = central (amount; concentration = A(2)/V)

$PK
  CL  = THETA(1)*EXP(ETA(1))
  V   = THETA(2)*EXP(ETA(2))
  FR1 = THETA(3)           ; fraction of dose through the fast pathway
  KA1 = THETA(4)           ; fast-pathway absorption rate (1/h)
  KA2 = THETA(5)           ; slow-pathway absorption rate (1/h)

  FR2 = 1.0 - FR1
  K20 = CL/V

  ; PODO (last oral dose amount) and TDOS (its time) captured at the dose record;
  ; NONMEM carries them forward for $DES to read.
  IF (AMT.GT.0.0.AND.CMT.EQ.1) PODO = AMT
  IF (AMT.GT.0.0.AND.CMT.EQ.1) TDOS = TIME
  ; F1=0: no bolus; PODO drives the two first-order inputs in $DES (each pathway's
  ; integral R_in = FRi*dose, so the total delivered is the dose).
  F1  = 0.0

$DES
  ; Time after the most recent dose (TDOS captured in $PK); = T here (dose at t=0).
  TAD = T - TDOS
  IF (TAD.LE.1.0E-10) TAD = 1.0E-10
  ; Each pathway: first-order (Bateman) input FOi = FRi * PODO * KAi * exp(-KAi*tad).
  FO1 = FR1*PODO*KA1*EXP(-KA1*TAD)
  FO2 = FR2*PODO*KA2*EXP(-KA2*TAD)
  RIN = FO1 + FO2                ; parallel input rate (dose split FR1 / 1-FR1)
  DADT(1) = 0.0                  ; depot is an inert dose carrier
  DADT(2) = RIN - K20*A(2)       ; dual first-order input straight into central

$ERROR
  IPRED = A(2)/V                 ; central concentration (mg/L)
  Y = IPRED*(1.0 + EPS(1))       ; proportional residual error

$THETA
  (0.1,   5.0,  100)   ; 1 CL    (L/h)
  (5.0,   50.0, 500)   ; 2 V     (L)
  (0.001, 0.6,  0.999) ; 3 FR1         fast-pathway fraction
  (0.5,   1.5,  24)    ; 4 KA1   (1/h) fast pathway (bounded > KA2 to break label symmetry)
  (0.01,  0.3,  0.5)   ; 5 KA2   (1/h) slow pathway

$OMEGA
  0.09    ; IIV CL
  0.09    ; IIV V

$SIGMA
  0.0225  ; proportional residual variance (0.15^2)

$ESTIMATION METHOD=1 INTER MAXEVAL=9999 PRINT=5 NOABORT
$COVARIANCE
$TABLE ID TIME DV IPRED CWRES MDV NOPRINT ONEHEADER FILE=parallel_first_order.tab

NM-TRAN MESSAGES
  
 WARNINGS AND ERRORS (IF ANY) FOR PROBLEM    1
             
 (WARNING  2) NM-TRAN INFERS THAT THE DATA ARE POPULATION.
  
Note: Analytical 2nd Derivatives are constructed in FSUBS but are never used.
      You may insert $ABBR DERIV2=NO after the first $PROB to save FSUBS construction and compilation time
  

License Registered to: InsightRX
Expiration Date:    14 AUG 2026
Current Date:       28 JUN 2026
Days until program expires :  46
1NONLINEAR MIXED EFFECTS MODEL PROGRAM (NONMEM) VERSION 7.6.0 (nm760)
 ORIGINALLY DEVELOPED BY STUART BEAL, LEWIS SHEINER, AND ALISON BOECKMANN
 CURRENT DEVELOPERS ARE ROBERT BAUER, ICON DEVELOPMENT SOLUTIONS,
 AND ALISON BOECKMANN. IMPLEMENTATION, EFFICIENCY, AND STANDARDIZATION
 PERFORMED BY NOUS INFOSYSTEMS.

 PROBLEM NO.:         1
 Parallel dual first-order absorption -- NONMEM anchor for ferx FR1*first
0DATA CHECKOUT RUN:              NO
 DATA SET LOCATED ON UNIT NO.:    2
 THIS UNIT TO BE REWOUND:        NO
 CREATE/ADD TO FDATA.csv:        YES
 NO. OF DATA RECS IN DATA SET:      260
 NO. OF DATA ITEMS IN DATA SET:   7
 ID DATA ITEM IS DATA ITEM NO.:   1
 DEP VARIABLE IS DATA ITEM NO.:   3
 MDV DATA ITEM IS DATA ITEM NO.:  7
0INDICES PASSED TO SUBROUTINE PRED:
   5   2   4   0   0   0   6   0   0   0   0
0LABELS FOR DATA ITEMS:
 ID TIME DV AMT EVID CMT MDV
0(NONBLANK) LABELS FOR PRED-DEFINED ITEMS:
 IPRED
0FORMAT FOR DATA:
 (7E10.0)

 TOT. NO. OF OBS RECS:      240
 TOT. NO. OF INDIVIDUALS:       20
0LENGTH OF THETA:   5
0DEFAULT THETA BOUNDARY TEST OMITTED:    NO
0OMEGA HAS SIMPLE DIAGONAL FORM WITH DIMENSION:   2
0DEFAULT OMEGA BOUNDARY TEST OMITTED:    NO
0SIGMA HAS SIMPLE DIAGONAL FORM WITH DIMENSION:   1
0DEFAULT SIGMA BOUNDARY TEST OMITTED:    NO
0INITIAL ESTIMATE OF THETA:
 LOWER BOUND    INITIAL EST    UPPER BOUND
  0.1000E+00     0.5000E+01     0.1000E+03
  0.5000E+01     0.5000E+02     0.5000E+03
  0.1000E-02     0.6000E+00     0.9990E+00
  0.5000E+00     0.1500E+01     0.2400E+02
  0.1000E-01     0.3000E+00     0.5000E+00
0INITIAL ESTIMATE OF OMEGA:
 0.9000E-01
 0.0000E+00   0.9000E-01
0INITIAL ESTIMATE OF SIGMA:
 0.2250E-01
0COVARIANCE STEP OMITTED:        NO
 EIGENVLS. PRINTED:              NO
 SPECIAL COMPUTATION:            NO
 COMPRESSED FORMAT:              NO
 GRADIENT METHOD USED:     NOSLOW
 SIGDIGITS ETAHAT (SIGLO):                  -1
 SIGDIGITS GRADIENTS (SIGL):                -1
 EXCLUDE COV FOR FOCE (NOFCOV):              NO
 Cholesky Transposition of R Matrix (CHOLROFF):0
 KNUTHSUMOFF:                                -1
 RESUME COV ANALYSIS (RESUME):               NO
 SIR SAMPLE SIZE (SIRSAMPLE):
 NON-LINEARLY TRANSFORM THETAS DURING COV (THBND): 1
 PRECONDTIONING CYCLES (PRECOND):        0
 PRECONDTIONING TYPES (PRECONDS):        TOS
 FORCED PRECONDTIONING CYCLES (PFCOND):0
 PRECONDTIONING TYPE (PRETYPE):        0
 FORCED POS. DEFINITE SETTING DURING PRECONDITIONING: (FPOSDEF):0
 SIMPLE POS. DEFINITE SETTING: (POSDEF):-1
0TABLES STEP OMITTED:    NO
 NO. OF TABLES:           1
 SEED NUMBER (SEED):    11456
 NPDTYPE:    0
 INTERPTYPE:    0
 RANMETHOD:             3U
 MC SAMPLES (ESAMPLE):    300
 WRES SQUARE ROOT TYPE (WRESCHOL): EIGENVALUE
0-- TABLE   1 --
0RECORDS ONLY:    ALL
04 COLUMNS APPENDED:    YES
 PRINTED:                NO
 HEADER:                YES
 FILE TO BE FORWARDED:   NO
 FORMAT:                S1PE11.4
 IDFORMAT:
 LFORMAT:
 RFORMAT:
 FIXED_EFFECT_ETAS:
0USER-CHOSEN ITEMS:
 ID TIME DV IPRED CWRES MDV
1DOUBLE PRECISION PREDPP VERSION 7.6.0 (nm760)

 GENERAL NONLINEAR KINETICS MODEL WITH STIFF/NONSTIFF EQUATIONS (LSODA, ADVAN13)
0MODEL SUBROUTINE USER-SUPPLIED - ID NO. 9999
0MAXIMUM NO. OF BASIC PK PARAMETERS:   7
0COMPARTMENT ATTRIBUTES
 COMPT. NO.   FUNCTION   INITIAL    ON/OFF      DOSE      DEFAULT    DEFAULT
                         STATUS     ALLOWED    ALLOWED    FOR DOSE   FOR OBS.
    1         DEPOT        ON         YES        YES        YES        NO
    2         CENTRAL      ON         YES        YES        NO         YES
    3         OUTPUT       OFF        YES        NO         NO         NO
 INITIAL (BASE) TOLERANCE SETTINGS:
 NRD (RELATIVE) VALUE(S) OF TOLERANCE:   9
 ANRD (ABSOLUTE) VALUE(S) OF TOLERANCE:  12
1
 ADDITIONAL PK PARAMETERS - ASSIGNMENT OF ROWS IN GG
 COMPT. NO.                             INDICES
              SCALE      BIOAVAIL.   ZERO-ORDER  ZERO-ORDER  ABSORB
                         FRACTION    RATE        DURATION    LAG
    1            *           8           *           *           *
    2            *           *           *           *           *
    3            *           -           -           -           -
             - PARAMETER IS NOT ALLOWED FOR THIS MODEL
             * PARAMETER IS NOT SUPPLIED BY PK SUBROUTINE;
               WILL DEFAULT TO ONE IF APPLICABLE
0DATA ITEM INDICES USED BY PRED ARE:
   EVENT ID DATA ITEM IS DATA ITEM NO.:      5
   TIME DATA ITEM IS DATA ITEM NO.:          2
   DOSE AMOUNT DATA ITEM IS DATA ITEM NO.:   4
   COMPT. NO. DATA ITEM IS DATA ITEM NO.:    6

0PK SUBROUTINE CALLED WITH EVERY EVENT RECORD.
 PK SUBROUTINE NOT CALLED AT NONEVENT (ADDITIONAL OR LAGGED) DOSE TIMES.
0ERROR SUBROUTINE CALLED WITH EVERY EVENT RECORD.
0ERROR SUBROUTINE INDICATES THAT DERIVATIVES OF COMPARTMENT AMOUNTS ARE USED.
0DES SUBROUTINE USES COMPACT STORAGE MODE.
1


 #TBLN:      1
 #METH: First Order Conditional Estimation with Interaction

 ESTIMATION STEP OMITTED:                 NO
 SHRINK INFO WITH EVALUATION (EVALSHRINK) NO
 ANALYSIS TYPE:                           POPULATION
 NUMBER OF SADDLE POINT RESET ITERATIONS:      0
 GRADIENT METHOD USED:               NOSLOW
 CONDITIONAL ESTIMATES USED:              YES
 CENTERED ETA:                            NO
 EPS-ETA INTERACTION:                     YES
 LAPLACIAN OBJ. FUNC.:                    NO
 NO. OF FUNCT. EVALS. ALLOWED:            9999
 NO. OF SIG. FIGURES REQUIRED:            3
 INTERMEDIATE PRINTOUT:                   YES
 ESTIMATE OUTPUT TO MSF:                  NO
 ABORT WITH PRED EXIT CODE 1:             NO
 IND. OBJ. FUNC. VALUES SORTED:           NO
 NUMERICAL DERIVATIVE
       FILE REQUEST (NUMDER):               NONE
 MAP (ETAHAT) ESTIMATION METHOD (OPTMAP):   0
 ETA HESSIAN EVALUATION METHOD (ETADER):    0
 INITIAL ETA FOR MAP ESTIMATION (MCETA):    0
 SIGDIGITS FOR MAP ESTIMATION (SIGLO):      100
 GRADIENT SIGDIGITS OF
       FIXED EFFECTS PARAMETERS (SIGL):     100
 NOPRIOR SETTING (NOPRIOR):                 0
 NOCOV SETTING (NOCOV):                     OFF
 DERCONT SETTING (DERCONT):                 OFF
 FINAL ETA RE-EVALUATION (FNLETA):          1
 EXCLUDE NON-INFLUENTIAL (NON-INFL.) ETAS
       IN SHRINKAGE (ETASTYPE):             NO
 NON-INFL. ETA CORRECTION (NONINFETA):      0
 RAW OUTPUT FILE (FILE): parallel_first_order.ext
 EXCLUDE TITLE (NOTITLE):                   NO
 EXCLUDE COLUMN LABELS (NOLABEL):           NO
 FORMAT FOR ADDITIONAL FILES (FORMAT):      S1PE12.5
 PARAMETER ORDER FOR OUTPUTS (ORDER):       TSOL
 KNUTHSUMOFF:                               0
 INCLUDE LNTWOPI:                           NO
 INCLUDE CONSTANT TERM TO PRIOR (PRIORC):   NO
 INCLUDE CONSTANT TERM TO OMEGA (ETA) (OLNTWOPI):NO
 ADDITIONAL CONVERGENCE TEST (CTYPE=4)?:    NO
 EM OR BAYESIAN METHOD USED:                 NONE

 TOLERANCES FOR ESTIMATION/EVALUATION STEP:
 NRD (RELATIVE) VALUE(S) OF TOLERANCE:   9
 ANRD (ABSOLUTE) VALUE(S) OF TOLERANCE:  12
 TOLERANCES FOR COVARIANCE STEP:
 NRD (RELATIVE) VALUE(S) OF TOLERANCE:   9
 ANRD (ABSOLUTE) VALUE(S) OF TOLERANCE:  12
 TOLERANCES FOR TABLE/SCATTER STEP:
 NRD (RELATIVE) VALUE(S) OF TOLERANCE:   9
 ANRD (ABSOLUTE) VALUE(S) OF TOLERANCE:  12

 THE FOLLOWING LABELS ARE EQUIVALENT
 PRED=PREDI
 RES=RESI
 WRES=WRESI
 IWRS=IWRESI
 IPRD=IPREDI
 IRS=IRESI

 MONITORING OF SEARCH:


0ITERATION NO.:    0    OBJECTIVE VALUE:  -674.875509912520        NO. OF FUNC. EVALS.:   8
 CUMULATIVE NO. OF FUNC. EVALS.:        8
 NPARAMETR:  5.0000E+00  5.0000E+01  6.0000E-01  1.5000E+00  3.0000E-01  9.0000E-02  9.0000E-02  2.2500E-02
 PARAMETER:  1.0000E-01  1.0000E-01  1.0000E-01  1.0000E-01  1.0000E-01  1.0000E-01  1.0000E-01  1.0000E-01
 GRADIENT:  -2.6702E+01 -4.2552E+01  1.2761E+01  2.6365E+01  2.2790E+00  1.4963E+01  1.3294E+01 -4.3537E+01

0ITERATION NO.:    5    OBJECTIVE VALUE:  -687.682365520713        NO. OF FUNC. EVALS.:  46
 CUMULATIVE NO. OF FUNC. EVALS.:       54
 NPARAMETR:  5.4055E+00  5.6011E+01  6.0986E-01  1.4339E+00  2.9893E-01  4.8384E-02  4.3850E-02  2.6113E-02
 PARAMETER:  1.8379E-01  2.3883E-01  1.4137E-01  2.8712E-02  9.1000E-02 -2.1032E-01 -2.5952E-01  1.7447E-01
 GRADIENT:   3.5811E+00 -3.4144E+00 -1.2126E+00 -1.0999E-01  7.5014E-01  4.9102E-01  1.0254E+00  1.3311E+01

0ITERATION NO.:   10    OBJECTIVE VALUE:  -688.009545517719        NO. OF FUNC. EVALS.:  49
 CUMULATIVE NO. OF FUNC. EVALS.:      103
 NPARAMETR:  5.3926E+00  5.5032E+01  6.3813E-01  1.3675E+00  2.4891E-01  4.7459E-02  4.2836E-02  2.5130E-02
 PARAMETER:  1.8122E-01  2.1724E-01  2.6217E-01 -4.7992E-02 -3.2127E-01 -2.1997E-01 -2.7121E-01  1.5528E-01
 GRADIENT:  -2.3727E-01  1.0966E+00  4.3123E-01  1.5575E+00 -3.3669E-01 -3.6638E-02 -2.4211E-01 -1.1521E+00

0ITERATION NO.:   15    OBJECTIVE VALUE:  -688.019372667878        NO. OF FUNC. EVALS.:  79
 CUMULATIVE NO. OF FUNC. EVALS.:      182
 NPARAMETR:  5.3990E+00  5.5301E+01  6.3932E-01  1.3672E+00  2.5530E-01  4.7572E-02  4.3034E-02  2.5212E-02
 PARAMETER:  1.8249E-01  2.2321E-01  2.6734E-01 -4.8352E-02 -2.6911E-01 -2.1878E-01 -2.6891E-01  1.5690E-01
 GRADIENT:   4.9213E-02  3.4241E-04 -1.8516E-02 -3.2528E-02  3.9366E-03 -2.8309E-03  7.3131E-03  3.0384E-04

0ITERATION NO.:   20    OBJECTIVE VALUE:  -688.019376963490        NO. OF FUNC. EVALS.:  91
 CUMULATIVE NO. OF FUNC. EVALS.:      273
 NPARAMETR:  5.3986E+00  5.5304E+01  6.3940E-01  1.3672E+00  2.5531E-01  4.7578E-02  4.3025E-02  2.5212E-02
 PARAMETER:  1.8242E-01  2.2327E-01  2.6766E-01 -4.8378E-02 -2.6903E-01 -2.1871E-01 -2.6901E-01  1.5690E-01
 GRADIENT:   4.0460E-03 -6.8217E-03  1.2211E-03  7.6734E-04  9.4793E-04 -4.6956E-04  2.0459E-04 -4.2188E-04

 #TERM:
0MINIMIZATION SUCCESSFUL
 NO. OF FUNCTION EVALUATIONS USED:      273
 NO. OF SIG. DIGITS IN FINAL EST.:  3.6

 ETABAR IS THE ARITHMETIC MEAN OF THE ETA-ESTIMATES,
 AND THE P-VALUE IS GIVEN FOR THE NULL HYPOTHESIS THAT THE TRUE MEAN IS 0.

 ETABAR:         2.3622E-03 -2.2604E-03
 SE:             4.6770E-02  4.4547E-02
 N:                      20          20

 P VAL.:         9.5972E-01  9.5953E-01

 ETASHRINKSD(%)  4.1027E+00  3.9485E+00
 ETASHRINKVR(%)  8.0370E+00  7.7411E+00
 EBVSHRINKSD(%)  3.7182E+00  3.7915E+00
 EBVSHRINKVR(%)  7.2982E+00  7.4392E+00
 RELATIVEINF(%)  9.2690E+01  9.2549E+01
 EPSSHRINKSD(%)  7.5973E+00
 EPSSHRINKVR(%)  1.4617E+01

  
 TOTAL DATA POINTS NORMALLY DISTRIBUTED (N):          240
 N*LOG(2PI) CONSTANT TO OBJECTIVE FUNCTION:    441.09049593824290     
 OBJECTIVE FUNCTION VALUE WITHOUT CONSTANT:   -688.01937696349034     
 OBJECTIVE FUNCTION VALUE WITH CONSTANT:      -246.92888102524745     
 REPORTED OBJECTIVE FUNCTION DOES NOT CONTAIN CONSTANT
  
 TOTAL EFFECTIVE ETAS (NIND*NETA):                            40
  
 #TERE:
 Elapsed estimation  time in seconds:    11.68
 Elapsed covariance  time in seconds:     8.72
 Elapsed postprocess time in seconds:     0.11
1
 
 
 
 
 
 
 
 
 
 
 
 
 
 
 
 
 
 
 
 
 ************************************************************************************************************************
 ********************                                                                                ********************
 ********************               FIRST ORDER CONDITIONAL ESTIMATION WITH INTERACTION              ********************
 #OBJT:**************                       MINIMUM VALUE OF OBJECTIVE FUNCTION                      ********************
 ********************                                                                                ********************
 ************************************************************************************************************************
 





 #OBJV:********************************************          -688.019       *********************************************
1
 ************************************************************************************************************************
 ********************                                                                                ********************
 ********************               FIRST ORDER CONDITIONAL ESTIMATION WITH INTERACTION              ********************
 ********************                             FINAL PARAMETER ESTIMATE                           ********************
 ********************                                                                                ********************
 ************************************************************************************************************************
 


 THETA - VECTOR OF FIXED EFFECTS PARAMETERS   *********


         TH 1      TH 2      TH 3      TH 4      TH 5     
 
         5.40E+00  5.53E+01  6.39E-01  1.37E+00  2.55E-01
 


 OMEGA - COV MATRIX FOR RANDOM EFFECTS - ETAS  ********


         ETA1      ETA2     
 
 ETA1
+        4.76E-02
 
 ETA2
+        0.00E+00  4.30E-02
 


 SIGMA - COV MATRIX FOR RANDOM EFFECTS - EPSILONS  ****


         EPS1     
 
 EPS1
+        2.52E-02
 
1


 OMEGA - CORR MATRIX FOR RANDOM EFFECTS - ETAS  *******


         ETA1      ETA2     
 
 ETA1
+        2.18E-01
 
 ETA2
+        0.00E+00  2.07E-01
 


 SIGMA - CORR MATRIX FOR RANDOM EFFECTS - EPSILONS  ***


         EPS1     
 
 EPS1
+        1.59E-01
 
1
 ************************************************************************************************************************
 ********************                                                                                ********************
 ********************               FIRST ORDER CONDITIONAL ESTIMATION WITH INTERACTION              ********************
 ********************                            STANDARD ERROR OF ESTIMATE                          ********************
 ********************                                                                                ********************
 ************************************************************************************************************************
 


 THETA - VECTOR OF FIXED EFFECTS PARAMETERS   *********


         TH 1      TH 2      TH 3      TH 4      TH 5     
 
         2.76E-01  4.25E+00  5.38E-02  9.76E-02  3.37E-02
 


 OMEGA - COV MATRIX FOR RANDOM EFFECTS - ETAS  ********


         ETA1      ETA2     
 
 ETA1
+        1.58E-02
 
 ETA2
+       .........  1.44E-02
 


 SIGMA - COV MATRIX FOR RANDOM EFFECTS - EPSILONS  ****


         EPS1     
 
 EPS1
+        2.22E-03
 
1


 OMEGA - CORR MATRIX FOR RANDOM EFFECTS - ETAS  *******


         ETA1      ETA2     
 
 ETA1
+        3.62E-02
 
 ETA2
+       .........  3.47E-02
 


 SIGMA - CORR MATRIX FOR RANDOM EFFECTS - EPSILONS  ***


         EPS1     
 
 EPS1
+        6.99E-03
 
1
 ************************************************************************************************************************
 ********************                                                                                ********************
 ********************               FIRST ORDER CONDITIONAL ESTIMATION WITH INTERACTION              ********************
 ********************                          COVARIANCE MATRIX OF ESTIMATE                         ********************
 ********************                                                                                ********************
 ************************************************************************************************************************
 

            TH 1      TH 2      TH 3      TH 4      TH 5      OM11      OM12      OM22      SG11  
 
 TH 1
+        7.59E-02
 
 TH 2
+        1.52E-01  1.81E+01
 
 TH 3
+        4.62E-03  1.10E-01  2.89E-03
 
 TH 4
+       -7.79E-03 -3.87E-02 -4.10E-03  9.53E-03
 
 TH 5
+       -6.94E-04  1.03E-01  1.05E-04  6.79E-04  1.13E-03
 
 OM11
+       -6.28E-04  5.30E-03 -2.17E-04  4.71E-04  1.37E-04  2.49E-04
 
 OM12
+       ......... ......... ......... ......... ......... ......... .........
 
 OM22
+        6.21E-04 -3.21E-02  8.69E-06 -4.10E-05 -2.90E-04 -6.45E-05 .........  2.08E-04
 
 SG11
+       -3.38E-05 -8.44E-04 -3.92E-05  7.64E-05 -4.29E-06  2.12E-06 ......... -1.88E-06  4.93E-06
 
1
 ************************************************************************************************************************
 ********************                                                                                ********************
 ********************               FIRST ORDER CONDITIONAL ESTIMATION WITH INTERACTION              ********************
 ********************                          CORRELATION MATRIX OF ESTIMATE                        ********************
 ********************                                                                                ********************
 ************************************************************************************************************************
 

            TH 1      TH 2      TH 3      TH 4      TH 5      OM11      OM12      OM22      SG11  
 
 TH 1
+        2.76E-01
 
 TH 2
+        1.29E-01  4.25E+00
 
 TH 3
+        3.12E-01  4.79E-01  5.38E-02
 
 TH 4
+       -2.89E-01 -9.33E-02 -7.81E-01  9.76E-02
 
 TH 5
+       -7.49E-02  7.21E-01  5.83E-02  2.07E-01  3.37E-02
 
 OM11
+       -1.44E-01  7.91E-02 -2.56E-01  3.06E-01  2.59E-01  1.58E-02
 
 OM12
+       ......... ......... ......... ......... ......... ......... .........
 
 OM22
+        1.56E-01 -5.23E-01  1.12E-02 -2.91E-02 -5.98E-01 -2.84E-01 .........  1.44E-02
 
 SG11
+       -5.53E-02 -8.94E-02 -3.28E-01  3.53E-01 -5.74E-02  6.07E-02 ......... -5.87E-02  2.22E-03
 
1
 ************************************************************************************************************************
 ********************                                                                                ********************
 ********************               FIRST ORDER CONDITIONAL ESTIMATION WITH INTERACTION              ********************
 ********************                      INVERSE COVARIANCE MATRIX OF ESTIMATE                     ********************
 ********************                                                                                ********************
 ************************************************************************************************************************
 

            TH 1      TH 2      TH 3      TH 4      TH 5      OM11      OM12      OM22      SG11  
 
 TH 1
+        1.57E+01
 
 TH 2
+       -3.72E-01  2.70E-01
 
 TH 3
+        7.50E+00 -1.64E+01  2.12E+03
 
 TH 4
+        1.46E+01 -5.17E+00  8.15E+02  4.81E+02
 
 TH 5
+        1.12E+01 -1.48E+01  2.91E+02 -1.37E+02  2.70E+03
 
 OM11
+       -1.30E+00  2.88E+00 -3.35E+01 -2.33E+02 -3.26E+02  4.92E+03
 
 OM12
+       ......... ......... ......... ......... ......... ......... .........
 
 OM22
+       -8.79E+01  2.26E+01 -2.08E+03 -1.06E+03  1.35E+03  1.49E+03 .........  1.09E+04
 
 SG11
+       -1.46E+02 -1.23E+01  8.87E+02 -2.19E+03  4.97E+03  2.00E+03 .........  7.86E+03  2.47E+05
 
 Elapsed finaloutput time in seconds:     0.02
 #CPUT: Total CPU Time in Seconds,       20.554
Stop Time:
Sun Jun 28 05:51:03 PM UTC 2026
