Tue Jun 16 05:14:01 PM UTC 2026
$PROBLEM    Savic 2007 transit-compartment absorption -- NONMEM anchor
;           for ferx transit() [#343]
; Reference fit for ferx's built-in transit(n, mtt) input-rate function.

; One-compartment oral disposition; Savic continuous-N transit absorption.

; Fit this, then fit examples/transit_savic.ferx in ferx on the SAME data and

; compare OFV + THETA estimates (see README.md).
$INPUT      ID TIME DV AMT EVID CMT MDV
$DATA      transit_oral.csv IGNORE=@
$SUBROUTINE ADVAN13 TOL=9
$MODEL      COMP=(DEPOT,DEFDOSE) ; 1=depot   (oral dose lands here; bolus suppressed by F1=0)
            COMP=(CENTRAL,DEFOBS) ; 2=central (amount; concentration=A(2)/V)
$PK
  TVCL  = THETA(1)
  TVV   = THETA(2)
  TVKA  = THETA(3)
  TVMTT = THETA(4)
  TVN   = THETA(5)

  CL  = TVCL*EXP(ETA(1))
  V   = TVV *EXP(ETA(2))
  KA  = TVKA
  MTT = TVMTT
  NN  = TVN

  KTR = (NN + 1.0)/MTT
  K20 = CL/V

  ; ---- ln Gamma(NN+1) via Lanczos g=7, n=9 --------------------------------
  ; Byte-for-byte the coefficients in ferx src/stats/special.rs::ln_gamma, so
  ; the gamma special-function is NOT a source of ferx-vs-NONMEM discrepancy.
  ; ferx evaluates with x = NN+1, x' = x-1 = NN; reflection branch (x<0.5) is
  ; never reached here because NN >= 0.
  XX  = NN
  AA  = 0.99999999999980993
  AA  = AA + 676.5203681218851      / (XX + 1.0)
  AA  = AA - 1259.1392167224028     / (XX + 2.0)
  AA  = AA + 771.32342877765313     / (XX + 3.0)
  AA  = AA - 176.61502916214059     / (XX + 4.0)
  AA  = AA + 12.507343278686905     / (XX + 5.0)
  AA  = AA - 0.13857109526572012    / (XX + 6.0)
  AA  = AA + 9.9843695780195716E-06 / (XX + 7.0)
  AA  = AA + 1.5056327351493116E-07 / (XX + 8.0)
  TG  = XX + 7.5
  LNG = 0.91893853320467274 + (XX + 0.5)*LOG(TG) - TG + LOG(AA)   ; = ln Gamma(NN+1)

  ; ---- dose routing: feed transit(), not a bolus --------------------------
  ; PODO (last oral dose amount) and TDOS (its time) are NOT reserved variables
  ; in NONMEM -- capture them at the dose record. NONMEM carries a variable's
  ; value forward across records, so $DES reads them on later observation rows.
  IF (AMT.GT.0.0.AND.CMT.EQ.1) PODO = AMT
  IF (AMT.GT.0.0.AND.CMT.EQ.1) TDOS = TIME
  ; F1=0 suppresses the depot bolus; PODO drives R_in in $DES. The NONMEM analogue
  ; of ferx delivering the dose as R_in and suppressing the instantaneous bolus
  ; (no double counting; integral R_in = dose). With bioavailability, use BIO*PODO.
  F1  = 0.0

$DES
  ; Time after the most recent dose: T is the absolute integration time and TDOS
  ; the captured dose time, so TAD = T - TDOS (= T here, the dose being at t=0).
  TAD = T - TDOS
  IF (TAD.LE.1.0E-10) TAD = 1.0E-10
  ; R_in(tad) = PODO * KTR*(KTR*tad)^NN * exp(-KTR*tad) / Gamma(NN+1), log-domain.
  LNR = LOG(PODO) + LOG(KTR) + NN*LOG(KTR*TAD) - KTR*TAD - LNG
  RIN = EXP(LNR)
  DADT(1) = RIN - KA*A(1)
  DADT(2) = KA*A(1) - K20*A(2)

$ERROR
  IPRED = A(2)/V                 ; central concentration (mg/L)
  Y = IPRED*(1.0 + EPS(1))       ; proportional residual error

$THETA  (0.1,5.0,100) ; 1 TVCL  (L/h)
 (5.0,50.0,500) ; 2 TVV   (L)
 (0.05,1.0,24) ; 3 TVKA  (1/h)
 (0.05,1.0,24) ; 4 TVMTT (h)   KTR=(N+1)/MTT
 (0.1,3.0,30) ; 5 TVN   transit compartments (continuous)
$OMEGA  0.09  ; IIV CL  (~30% CV)
 0.09  ; IIV V   (~30% CV)
$SIGMA  0.0225  ; proportional residual variance (0.15^2)
$ESTIMATION METHOD=1 INTER MAXEVAL=9999 PRINT=5 NOABORT
$COVARIANCE
$TABLE      ID TIME DV IPRED CWRES MDV NOPRINT ONEHEADER
            FILE=savic.tab


NM-TRAN MESSAGES
  
 WARNINGS AND ERRORS (IF ANY) FOR PROBLEM    1
             
 (WARNING  2) NM-TRAN INFERS THAT THE DATA ARE POPULATION.
  
Note: Analytical 2nd Derivatives are constructed in FSUBS but are never used.
      You may insert $ABBR DERIV2=NO after the first $PROB to save FSUBS construction and compilation time
  

License Registered to: InsightRX
Expiration Date:    14 AUG 2026
Current Date:       16 JUN 2026
Days until program expires :  58
1NONLINEAR MIXED EFFECTS MODEL PROGRAM (NONMEM) VERSION 7.6.0 (nm760)
 ORIGINALLY DEVELOPED BY STUART BEAL, LEWIS SHEINER, AND ALISON BOECKMANN
 CURRENT DEVELOPERS ARE ROBERT BAUER, ICON DEVELOPMENT SOLUTIONS,
 AND ALISON BOECKMANN. IMPLEMENTATION, EFFICIENCY, AND STANDARDIZATION
 PERFORMED BY NOUS INFOSYSTEMS.

 PROBLEM NO.:         1
 Savic 2007 transit-compartment absorption -- NONMEM anchor
0DATA CHECKOUT RUN:              NO
 DATA SET LOCATED ON UNIT NO.:    2
 THIS UNIT TO BE REWOUND:        NO
 CREATE/ADD TO FDATA.csv:        YES
 NO. OF DATA RECS IN DATA SET:      260
 NO. OF DATA ITEMS IN DATA SET:   7
 ID DATA ITEM IS DATA ITEM NO.:   1
 DEP VARIABLE IS DATA ITEM NO.:   3
 MDV DATA ITEM IS DATA ITEM NO.:  7
0INDICES PASSED TO SUBROUTINE PRED:
   5   2   4   0   0   0   6   0   0   0   0
0LABELS FOR DATA ITEMS:
 ID TIME DV AMT EVID CMT MDV
0(NONBLANK) LABELS FOR PRED-DEFINED ITEMS:
 IPRED
0FORMAT FOR DATA:
 (7E7.0)

 TOT. NO. OF OBS RECS:      240
 TOT. NO. OF INDIVIDUALS:       20
0LENGTH OF THETA:   5
0DEFAULT THETA BOUNDARY TEST OMITTED:    NO
0OMEGA HAS SIMPLE DIAGONAL FORM WITH DIMENSION:   2
0DEFAULT OMEGA BOUNDARY TEST OMITTED:    NO
0SIGMA HAS SIMPLE DIAGONAL FORM WITH DIMENSION:   1
0DEFAULT SIGMA BOUNDARY TEST OMITTED:    NO
0INITIAL ESTIMATE OF THETA:
 LOWER BOUND    INITIAL EST    UPPER BOUND
  0.1000E+00     0.5000E+01     0.1000E+03
  0.5000E+01     0.5000E+02     0.5000E+03
  0.5000E-01     0.1000E+01     0.2400E+02
  0.5000E-01     0.1000E+01     0.2400E+02
  0.1000E+00     0.3000E+01     0.3000E+02
0INITIAL ESTIMATE OF OMEGA:
 0.9000E-01
 0.0000E+00   0.9000E-01
0INITIAL ESTIMATE OF SIGMA:
 0.2250E-01
0COVARIANCE STEP OMITTED:        NO
 EIGENVLS. PRINTED:              NO
 SPECIAL COMPUTATION:            NO
 COMPRESSED FORMAT:              NO
 GRADIENT METHOD USED:     NOSLOW
 SIGDIGITS ETAHAT (SIGLO):                  -1
 SIGDIGITS GRADIENTS (SIGL):                -1
 EXCLUDE COV FOR FOCE (NOFCOV):              NO
 Cholesky Transposition of R Matrix (CHOLROFF):0
 KNUTHSUMOFF:                                -1
 RESUME COV ANALYSIS (RESUME):               NO
 SIR SAMPLE SIZE (SIRSAMPLE):
 NON-LINEARLY TRANSFORM THETAS DURING COV (THBND): 1
 PRECONDTIONING CYCLES (PRECOND):        0
 PRECONDTIONING TYPES (PRECONDS):        TOS
 FORCED PRECONDTIONING CYCLES (PFCOND):0
 PRECONDTIONING TYPE (PRETYPE):        0
 FORCED POS. DEFINITE SETTING DURING PRECONDITIONING: (FPOSDEF):0
 SIMPLE POS. DEFINITE SETTING: (POSDEF):-1
0TABLES STEP OMITTED:    NO
 NO. OF TABLES:           1
 SEED NUMBER (SEED):    11456
 NPDTYPE:    0
 INTERPTYPE:    0
 RANMETHOD:             3U
 MC SAMPLES (ESAMPLE):    300
 WRES SQUARE ROOT TYPE (WRESCHOL): EIGENVALUE
0-- TABLE   1 --
0RECORDS ONLY:    ALL
04 COLUMNS APPENDED:    YES
 PRINTED:                NO
 HEADER:                YES
 FILE TO BE FORWARDED:   NO
 FORMAT:                S1PE11.4
 IDFORMAT:
 LFORMAT:
 RFORMAT:
 FIXED_EFFECT_ETAS:
0USER-CHOSEN ITEMS:
 ID TIME DV IPRED CWRES MDV
1DOUBLE PRECISION PREDPP VERSION 7.6.0 (nm760)

 GENERAL NONLINEAR KINETICS MODEL WITH STIFF/NONSTIFF EQUATIONS (LSODA, ADVAN13)
0MODEL SUBROUTINE USER-SUPPLIED - ID NO. 9999
0MAXIMUM NO. OF BASIC PK PARAMETERS:   7
0COMPARTMENT ATTRIBUTES
 COMPT. NO.   FUNCTION   INITIAL    ON/OFF      DOSE      DEFAULT    DEFAULT
                         STATUS     ALLOWED    ALLOWED    FOR DOSE   FOR OBS.
    1         DEPOT        ON         YES        YES        YES        NO
    2         CENTRAL      ON         YES        YES        NO         YES
    3         OUTPUT       OFF        YES        NO         NO         NO
 INITIAL (BASE) TOLERANCE SETTINGS:
 NRD (RELATIVE) VALUE(S) OF TOLERANCE:   9
 ANRD (ABSOLUTE) VALUE(S) OF TOLERANCE:  12
1
 ADDITIONAL PK PARAMETERS - ASSIGNMENT OF ROWS IN GG
 COMPT. NO.                             INDICES
              SCALE      BIOAVAIL.   ZERO-ORDER  ZERO-ORDER  ABSORB
                         FRACTION    RATE        DURATION    LAG
    1            *           8           *           *           *
    2            *           *           *           *           *
    3            *           -           -           -           -
             - PARAMETER IS NOT ALLOWED FOR THIS MODEL
             * PARAMETER IS NOT SUPPLIED BY PK SUBROUTINE;
               WILL DEFAULT TO ONE IF APPLICABLE
0DATA ITEM INDICES USED BY PRED ARE:
   EVENT ID DATA ITEM IS DATA ITEM NO.:      5
   TIME DATA ITEM IS DATA ITEM NO.:          2
   DOSE AMOUNT DATA ITEM IS DATA ITEM NO.:   4
   COMPT. NO. DATA ITEM IS DATA ITEM NO.:    6

0PK SUBROUTINE CALLED WITH EVERY EVENT RECORD.
 PK SUBROUTINE NOT CALLED AT NONEVENT (ADDITIONAL OR LAGGED) DOSE TIMES.
0ERROR SUBROUTINE CALLED WITH EVERY EVENT RECORD.
0ERROR SUBROUTINE INDICATES THAT DERIVATIVES OF COMPARTMENT AMOUNTS ARE USED.
0DES SUBROUTINE USES COMPACT STORAGE MODE.
1


 #TBLN:      1
 #METH: First Order Conditional Estimation with Interaction

 ESTIMATION STEP OMITTED:                 NO
 SHRINK INFO WITH EVALUATION (EVALSHRINK) NO
 ANALYSIS TYPE:                           POPULATION
 NUMBER OF SADDLE POINT RESET ITERATIONS:      0
 GRADIENT METHOD USED:               NOSLOW
 CONDITIONAL ESTIMATES USED:              YES
 CENTERED ETA:                            NO
 EPS-ETA INTERACTION:                     YES
 LAPLACIAN OBJ. FUNC.:                    NO
 NO. OF FUNCT. EVALS. ALLOWED:            9999
 NO. OF SIG. FIGURES REQUIRED:            3
 INTERMEDIATE PRINTOUT:                   YES
 ESTIMATE OUTPUT TO MSF:                  NO
 ABORT WITH PRED EXIT CODE 1:             NO
 IND. OBJ. FUNC. VALUES SORTED:           NO
 NUMERICAL DERIVATIVE
       FILE REQUEST (NUMDER):               NONE
 MAP (ETAHAT) ESTIMATION METHOD (OPTMAP):   0
 ETA HESSIAN EVALUATION METHOD (ETADER):    0
 INITIAL ETA FOR MAP ESTIMATION (MCETA):    0
 SIGDIGITS FOR MAP ESTIMATION (SIGLO):      100
 GRADIENT SIGDIGITS OF
       FIXED EFFECTS PARAMETERS (SIGL):     100
 NOPRIOR SETTING (NOPRIOR):                 0
 NOCOV SETTING (NOCOV):                     OFF
 DERCONT SETTING (DERCONT):                 OFF
 FINAL ETA RE-EVALUATION (FNLETA):          1
 EXCLUDE NON-INFLUENTIAL (NON-INFL.) ETAS
       IN SHRINKAGE (ETASTYPE):             NO
 NON-INFL. ETA CORRECTION (NONINFETA):      0
 RAW OUTPUT FILE (FILE): psn.ext
 EXCLUDE TITLE (NOTITLE):                   NO
 EXCLUDE COLUMN LABELS (NOLABEL):           NO
 FORMAT FOR ADDITIONAL FILES (FORMAT):      S1PE12.5
 PARAMETER ORDER FOR OUTPUTS (ORDER):       TSOL
 KNUTHSUMOFF:                               0
 INCLUDE LNTWOPI:                           NO
 INCLUDE CONSTANT TERM TO PRIOR (PRIORC):   NO
 INCLUDE CONSTANT TERM TO OMEGA (ETA) (OLNTWOPI):NO
 ADDITIONAL CONVERGENCE TEST (CTYPE=4)?:    NO
 EM OR BAYESIAN METHOD USED:                 NONE

 TOLERANCES FOR ESTIMATION/EVALUATION STEP:
 NRD (RELATIVE) VALUE(S) OF TOLERANCE:   9
 ANRD (ABSOLUTE) VALUE(S) OF TOLERANCE:  12
 TOLERANCES FOR COVARIANCE STEP:
 NRD (RELATIVE) VALUE(S) OF TOLERANCE:   9
 ANRD (ABSOLUTE) VALUE(S) OF TOLERANCE:  12
 TOLERANCES FOR TABLE/SCATTER STEP:
 NRD (RELATIVE) VALUE(S) OF TOLERANCE:   9
 ANRD (ABSOLUTE) VALUE(S) OF TOLERANCE:  12

 THE FOLLOWING LABELS ARE EQUIVALENT
 PRED=PREDI
 RES=RESI
 WRES=WRESI
 IWRS=IWRESI
 IPRD=IPREDI
 IRS=IRESI

 MONITORING OF SEARCH:


0ITERATION NO.:    0    OBJECTIVE VALUE:  -1062.83833800652        NO. OF FUNC. EVALS.:   8
 CUMULATIVE NO. OF FUNC. EVALS.:        8
 NPARAMETR:  5.0000E+00  5.0000E+01  1.0000E+00  1.0000E+00  3.0000E+00  9.0000E-02  9.0000E-02  2.2500E-02
 PARAMETER:  1.0000E-01  1.0000E-01  1.0000E-01  1.0000E-01  1.0000E-01  1.0000E-01  1.0000E-01  1.0000E-01
 GRADIENT:  -2.6370E+01 -4.1405E+01  3.8588E+01 -1.6289E+02 -1.7071E+02  1.4950E+01  1.3538E+01 -5.0110E+01

0ITERATION NO.:    5    OBJECTIVE VALUE:  -1073.42003825736        NO. OF FUNC. EVALS.:  51
 CUMULATIVE NO. OF FUNC. EVALS.:       59
 NPARAMETR:  5.5242E+00  5.8639E+01  9.6495E-01  9.6659E-01  3.1277E+00  7.1204E-02  7.0509E-02  2.5037E-02
 PARAMETER:  2.0717E-01  2.9500E-01  6.0889E-02  6.2747E-02  1.4783E-01 -1.7134E-02 -2.2032E-02  1.5342E-01
 GRADIENT:   1.4542E+01  1.7532E+01  3.1314E+00 -1.8761E+01 -1.5841E+01  1.1069E+01  1.3595E+01 -7.3040E+00

0ITERATION NO.:   10    OBJECTIVE VALUE:  -1076.99402769393        NO. OF FUNC. EVALS.:  48
 CUMULATIVE NO. OF FUNC. EVALS.:      107
 NPARAMETR:  5.4326E+00  5.6277E+01  9.8660E-01  9.8055E-01  3.1018E+00  4.7853E-02  4.4000E-02  2.5663E-02
 PARAMETER:  1.8917E-01  2.4463E-01  8.5212E-02  7.8465E-02  1.3827E-01 -2.1583E-01 -2.5781E-01  1.6576E-01
 GRADIENT:   7.4730E+00 -7.7759E-01  5.0579E+00 -7.2321E-01 -2.5892E+00 -2.5214E-01  7.6556E-01  2.7309E+00

0ITERATION NO.:   15    OBJECTIVE VALUE:  -1077.12552127085        NO. OF FUNC. EVALS.:  68
 CUMULATIVE NO. OF FUNC. EVALS.:      175
 NPARAMETR:  5.3873E+00  5.6192E+01  9.5277E-01  9.6526E-01  3.1329E+00  4.8026E-02  4.3059E-02  2.5458E-02
 PARAMETER:  1.8016E-01  2.4277E-01  4.6959E-02  6.1242E-02  1.4976E-01 -2.1403E-01 -2.6862E-01  1.6177E-01
 GRADIENT:   2.3384E-01  2.2136E-01 -5.4321E-02  3.0123E-01  1.8731E-01  1.6121E-02 -8.0776E-03 -2.8251E-02

0ITERATION NO.:   17    OBJECTIVE VALUE:  -1077.12562376390        NO. OF FUNC. EVALS.:  31
 CUMULATIVE NO. OF FUNC. EVALS.:      206
 NPARAMETR:  5.3856E+00  5.6169E+01  9.5237E-01  9.6512E-01  3.1332E+00  4.7998E-02  4.3069E-02  2.5459E-02
 PARAMETER:  1.7981E-01  2.4228E-01  4.6498E-02  6.1073E-02  1.4985E-01 -2.1433E-01 -2.6850E-01  1.6178E-01
 GRADIENT:   2.1156E-03 -6.9125E-03  3.7588E-03  3.4862E-03  5.5582E-03 -1.6017E-03 -1.7571E-04  6.7829E-03

 #TERM:
0MINIMIZATION SUCCESSFUL
 NO. OF FUNCTION EVALUATIONS USED:      206
 NO. OF SIG. DIGITS IN FINAL EST.:  3.6

 ETABAR IS THE ARITHMETIC MEAN OF THE ETA-ESTIMATES,
 AND THE P-VALUE IS GIVEN FOR THE NULL HYPOTHESIS THAT THE TRUE MEAN IS 0.

 ETABAR:         2.5137E-03 -2.1524E-03
 SE:             4.6939E-02  4.4719E-02
 N:                      20          20

 P VAL.:         9.5729E-01  9.6161E-01

 ETASHRINKSD(%)  4.1765E+00  3.6293E+00
 ETASHRINKVR(%)  8.1787E+00  7.1269E+00
 EBVSHRINKSD(%)  3.7836E+00  3.4977E+00
 EBVSHRINKVR(%)  7.4241E+00  6.8731E+00
 RELATIVEINF(%)  9.2557E+01  9.3108E+01
 EPSSHRINKSD(%)  7.6157E+00
 EPSSHRINKVR(%)  1.4651E+01

  
 TOTAL DATA POINTS NORMALLY DISTRIBUTED (N):          240
 N*LOG(2PI) CONSTANT TO OBJECTIVE FUNCTION:    441.09049593824290     
 OBJECTIVE FUNCTION VALUE WITHOUT CONSTANT:   -1077.1256237639013     
 OBJECTIVE FUNCTION VALUE WITH CONSTANT:      -636.03512782565849     
 REPORTED OBJECTIVE FUNCTION DOES NOT CONTAIN CONSTANT
  
 TOTAL EFFECTIVE ETAS (NIND*NETA):                            40
  
 #TERE:
 Elapsed estimation  time in seconds:     7.38
 Elapsed covariance  time in seconds:     8.22
 Elapsed postprocess time in seconds:     0.11
1
 
 
 
 
 
 
 
 
 
 
 
 
 
 
 
 
 
 
 
 
 ************************************************************************************************************************
 ********************                                                                                ********************
 ********************               FIRST ORDER CONDITIONAL ESTIMATION WITH INTERACTION              ********************
 #OBJT:**************                       MINIMUM VALUE OF OBJECTIVE FUNCTION                      ********************
 ********************                                                                                ********************
 ************************************************************************************************************************
 





 #OBJV:********************************************         -1077.126       *********************************************
1
 ************************************************************************************************************************
 ********************                                                                                ********************
 ********************               FIRST ORDER CONDITIONAL ESTIMATION WITH INTERACTION              ********************
 ********************                             FINAL PARAMETER ESTIMATE                           ********************
 ********************                                                                                ********************
 ************************************************************************************************************************
 


 THETA - VECTOR OF FIXED EFFECTS PARAMETERS   *********


         TH 1      TH 2      TH 3      TH 4      TH 5     
 
         5.39E+00  5.62E+01  9.52E-01  9.65E-01  3.13E+00
 


 OMEGA - COV MATRIX FOR RANDOM EFFECTS - ETAS  ********


         ETA1      ETA2     
 
 ETA1
+        4.80E-02
 
 ETA2
+        0.00E+00  4.31E-02
 


 SIGMA - COV MATRIX FOR RANDOM EFFECTS - EPSILONS  ****


         EPS1     
 
 EPS1
+        2.55E-02
 
1


 OMEGA - CORR MATRIX FOR RANDOM EFFECTS - ETAS  *******


         ETA1      ETA2     
 
 ETA1
+        2.19E-01
 
 ETA2
+        0.00E+00  2.08E-01
 


 SIGMA - CORR MATRIX FOR RANDOM EFFECTS - EPSILONS  ***


         EPS1     
 
 EPS1
+        1.60E-01
 
1
 ************************************************************************************************************************
 ********************                                                                                ********************
 ********************               FIRST ORDER CONDITIONAL ESTIMATION WITH INTERACTION              ********************
 ********************                            STANDARD ERROR OF ESTIMATE                          ********************
 ********************                                                                                ********************
 ************************************************************************************************************************
 


 THETA - VECTOR OF FIXED EFFECTS PARAMETERS   *********


         TH 1      TH 2      TH 3      TH 4      TH 5     
 
         2.73E-01  2.85E+00  7.66E-02  4.39E-02  1.19E-01
 


 OMEGA - COV MATRIX FOR RANDOM EFFECTS - ETAS  ********


         ETA1      ETA2     
 
 ETA1
+        1.58E-02
 
 ETA2
+       .........  1.41E-02
 


 SIGMA - COV MATRIX FOR RANDOM EFFECTS - EPSILONS  ****


         EPS1     
 
 EPS1
+        2.26E-03
 
1


 OMEGA - CORR MATRIX FOR RANDOM EFFECTS - ETAS  *******


         ETA1      ETA2     
 
 ETA1
+        3.62E-02
 
 ETA2
+       .........  3.40E-02
 


 SIGMA - CORR MATRIX FOR RANDOM EFFECTS - EPSILONS  ***


         EPS1     
 
 EPS1
+        7.08E-03
 
1
 ************************************************************************************************************************
 ********************                                                                                ********************
 ********************               FIRST ORDER CONDITIONAL ESTIMATION WITH INTERACTION              ********************
 ********************                          COVARIANCE MATRIX OF ESTIMATE                         ********************
 ********************                                                                                ********************
 ************************************************************************************************************************
 

            TH 1      TH 2      TH 3      TH 4      TH 5      OM11      OM12      OM22      SG11  
 
 TH 1
+        7.45E-02
 
 TH 2
+        1.01E-01  8.12E+00
 
 TH 3
+        1.39E-03 -3.26E-03  5.87E-03
 
 TH 4
+       -2.98E-04 -1.78E-02  2.97E-03  1.93E-03
 
 TH 5
+        4.49E-03  4.65E-02 -5.84E-03 -4.65E-03  1.41E-02
 
 OM11
+       -6.61E-04  4.42E-04 -4.36E-04 -1.63E-04  1.49E-04  2.51E-04
 
 OM12
+       ......... ......... ......... ......... ......... ......... .........
 
 OM22
+        5.25E-04 -1.65E-02  1.63E-04 -3.41E-06  9.96E-05 -5.97E-05 .........  1.99E-04
 
 SG11
+       -4.14E-05  2.40E-04 -5.00E-05 -2.10E-05  1.47E-05  2.29E-06 ......... -4.40E-06  5.10E-06
 
1
 ************************************************************************************************************************
 ********************                                                                                ********************
 ********************               FIRST ORDER CONDITIONAL ESTIMATION WITH INTERACTION              ********************
 ********************                          CORRELATION MATRIX OF ESTIMATE                        ********************
 ********************                                                                                ********************
 ************************************************************************************************************************
 

            TH 1      TH 2      TH 3      TH 4      TH 5      OM11      OM12      OM22      SG11  
 
 TH 1
+        2.73E-01
 
 TH 2
+        1.30E-01  2.85E+00
 
 TH 3
+        6.66E-02 -1.50E-02  7.66E-02
 
 TH 4
+       -2.49E-02 -1.42E-01  8.82E-01  4.39E-02
 
 TH 5
+        1.38E-01  1.37E-01 -6.41E-01 -8.90E-01  1.19E-01
 
 OM11
+       -1.53E-01  9.80E-03 -3.59E-01 -2.34E-01  7.93E-02  1.58E-02
 
 OM12
+       ......... ......... ......... ......... ......... ......... .........
 
 OM22
+        1.36E-01 -4.10E-01  1.50E-01 -5.50E-03  5.93E-02 -2.67E-01 .........  1.41E-02
 
 SG11
+       -6.71E-02  3.74E-02 -2.89E-01 -2.11E-01  5.45E-02  6.40E-02 ......... -1.38E-01  2.26E-03
 
1
 ************************************************************************************************************************
 ********************                                                                                ********************
 ********************               FIRST ORDER CONDITIONAL ESTIMATION WITH INTERACTION              ********************
 ********************                      INVERSE COVARIANCE MATRIX OF ESTIMATE                     ********************
 ********************                                                                                ********************
 ************************************************************************************************************************
 

            TH 1      TH 2      TH 3      TH 4      TH 5      OM11      OM12      OM22      SG11  
 
 TH 1
+        1.54E+01
 
 TH 2
+       -4.24E-01  2.23E-01
 
 TH 3
+        2.58E+01 -1.17E+01  2.22E+03
 
 TH 4
+       -1.07E+02  3.26E+01 -5.75E+03  1.83E+04
 
 TH 5
+       -2.76E+01  5.03E+00 -9.28E+02  3.50E+03  8.17E+02
 
 OM11
+        1.40E+01  2.97E+00  1.86E+02  9.92E+02  3.19E+02  5.12E+03
 
 OM12
+       ......... ......... ......... ......... ......... ......... .........
 
 OM22
+       -8.15E+01  2.84E+01 -2.44E+03  6.79E+03  1.07E+03  1.53E+03 .........  9.76E+03
 
 SG11
+       -3.98E+01  1.41E+01 -6.58E+02  1.19E+04  3.28E+03  3.98E+03 .........  6.68E+03  2.32E+05
 
 Elapsed finaloutput time in seconds:     0.01
 #CPUT: Total CPU Time in Seconds,       15.813
Stop Time:
Tue Jun 16 05:14:20 PM UTC 2026
