Thu Jun 25 08:30:16 AM UTC 2026
$PROBLEM    Weibull absorption -- NONMEM anchor for ferx
;           weibull(td,beta) [#322 Phase 2]
; Reference fit for ferx's built-in weibull(td, beta) input-rate function.

; Weibull density absorption straight into a 1-cpt central compartment.

;

; NOTE on the data: igd_oral.csv was simulated from a TRANSIT model, so this

; Weibull fit is mildly mis-specified (the Weibull density approximates the

; delayed-absorption shape). That is still a valid IMPLEMENTATION anchor:

; ferx-weibull and NONMEM-weibull should return the same OFV/THETA on identical

; data even when neither is the true DGP. As with the igd anchor, the check is the

; OBJECTIVE AT THE SHARED OPTIMUM, not the optimiser path (a mis-specified ridge

; lets NONMEM's gradient FOCEI and ferx's derivative-free BOBYQA stall at

; different points). For a matched Weibull-truth dataset, regenerate from

; examples/weibull_absorption.ferx --simulate (see README.md).
$INPUT      ID TIME DV AMT EVID CMT MDV
$DATA      igd_oral.csv IGNORE=@
$SUBROUTINE ADVAN13 TOL=9
$MODEL      COMP=(DEPOT,DEFDOSE) ; 1=inert dose carrier (F1=0); weibull feeds central directly
            COMP=(CENTRAL,DEFOBS) ; 2=central (amount; concentration=A(2)/V)
$PK
  CL   = THETA(1)*EXP(ETA(1))
  V    = THETA(2)*EXP(ETA(2))
  TD   = THETA(3)          ; Weibull scale (h)
  BETA = THETA(4)          ; Weibull shape (dimensionless)

  K20 = CL/V

  ; PODO (last oral dose amount) and TDOS (its time) are NOT reserved variables --
  ; capture them at the dose record; NONMEM carries them forward for $DES to read.
  IF (AMT.GT.0.0.AND.CMT.EQ.1) PODO = AMT
  IF (AMT.GT.0.0.AND.CMT.EQ.1) TDOS = TIME
  ; F1=0: no bolus; PODO drives the Weibull input in $DES (ferx weibull()
  ; convention -- integral R_in = dose, fed straight into central). With
  ; bioavailability, BIO*PODO.
  F1   = 0.0

$DES
  ; Time after the most recent dose (TDOS captured in $PK); = T here (dose at t=0).
  TAD = T - TDOS
  IF (TAD.LE.1.0E-10) TAD = 1.0E-10
  ; R_in(tad) = PODO * (BETA/TD) * (TAD/TD)^(BETA-1) * exp(-(TAD/TD)^BETA)
  XW  = TAD/TD
  RIN = PODO*(BETA/TD)*XW**(BETA-1.0)*EXP(-XW**BETA)
  DADT(1) = 0.0                  ; depot is an inert dose carrier
  DADT(2) = RIN - K20*A(2)       ; Weibull input straight into central

$ERROR
  IPRED = A(2)/V                 ; central concentration (mg/L)
  Y = IPRED*(1.0 + EPS(1))       ; proportional residual error

$THETA  (0.1,5.0,100) ; 1 CL   (L/h)
 (5.0,50.0,500) ; 2 V    (L)
 (0.05,2.0,24) ; 3 TD   (h)   Weibull scale
 (0.1,1.5,10) ; 4 BETA       Weibull shape
$OMEGA  0.09  ;     IIV CL
 0.09  ;      IIV V
$SIGMA  0.0225  ; proportional residual variance (0.15^2)
$ESTIMATION METHOD=1 INTER MAXEVAL=9999 PRINT=5 NOABORT
$COVARIANCE
$TABLE      ID TIME DV IPRED CWRES MDV NOPRINT ONEHEADER
            FILE=weibull.tab


NM-TRAN MESSAGES
  
 WARNINGS AND ERRORS (IF ANY) FOR PROBLEM    1
             
 (WARNING  2) NM-TRAN INFERS THAT THE DATA ARE POPULATION.
  
Note: Analytical 2nd Derivatives are constructed in FSUBS but are never used.
      You may insert $ABBR DERIV2=NO after the first $PROB to save FSUBS construction and compilation time
  

License Registered to: InsightRX
Expiration Date:    14 AUG 2026
Current Date:       25 JUN 2026
Days until program expires :  49
1NONLINEAR MIXED EFFECTS MODEL PROGRAM (NONMEM) VERSION 7.6.0 (nm760)
 ORIGINALLY DEVELOPED BY STUART BEAL, LEWIS SHEINER, AND ALISON BOECKMANN
 CURRENT DEVELOPERS ARE ROBERT BAUER, ICON DEVELOPMENT SOLUTIONS,
 AND ALISON BOECKMANN. IMPLEMENTATION, EFFICIENCY, AND STANDARDIZATION
 PERFORMED BY NOUS INFOSYSTEMS.

 PROBLEM NO.:         1
 Weibull absorption -- NONMEM anchor for ferx
0DATA CHECKOUT RUN:              NO
 DATA SET LOCATED ON UNIT NO.:    2
 THIS UNIT TO BE REWOUND:        NO
 CREATE/ADD TO FDATA.csv:        YES
 NO. OF DATA RECS IN DATA SET:      260
 NO. OF DATA ITEMS IN DATA SET:   7
 ID DATA ITEM IS DATA ITEM NO.:   1
 DEP VARIABLE IS DATA ITEM NO.:   3
 MDV DATA ITEM IS DATA ITEM NO.:  7
0INDICES PASSED TO SUBROUTINE PRED:
   5   2   4   0   0   0   6   0   0   0   0
0LABELS FOR DATA ITEMS:
 ID TIME DV AMT EVID CMT MDV
0(NONBLANK) LABELS FOR PRED-DEFINED ITEMS:
 IPRED
0FORMAT FOR DATA:
 (7E7.0)

 TOT. NO. OF OBS RECS:      240
 TOT. NO. OF INDIVIDUALS:       20
0LENGTH OF THETA:   4
0DEFAULT THETA BOUNDARY TEST OMITTED:    NO
0OMEGA HAS SIMPLE DIAGONAL FORM WITH DIMENSION:   2
0DEFAULT OMEGA BOUNDARY TEST OMITTED:    NO
0SIGMA HAS SIMPLE DIAGONAL FORM WITH DIMENSION:   1
0DEFAULT SIGMA BOUNDARY TEST OMITTED:    NO
0INITIAL ESTIMATE OF THETA:
 LOWER BOUND    INITIAL EST    UPPER BOUND
  0.1000E+00     0.5000E+01     0.1000E+03
  0.5000E+01     0.5000E+02     0.5000E+03
  0.5000E-01     0.2000E+01     0.2400E+02
  0.1000E+00     0.1500E+01     0.1000E+02
0INITIAL ESTIMATE OF OMEGA:
 0.9000E-01
 0.0000E+00   0.9000E-01
0INITIAL ESTIMATE OF SIGMA:
 0.2250E-01
0COVARIANCE STEP OMITTED:        NO
 EIGENVLS. PRINTED:              NO
 SPECIAL COMPUTATION:            NO
 COMPRESSED FORMAT:              NO
 GRADIENT METHOD USED:     NOSLOW
 SIGDIGITS ETAHAT (SIGLO):                  -1
 SIGDIGITS GRADIENTS (SIGL):                -1
 EXCLUDE COV FOR FOCE (NOFCOV):              NO
 Cholesky Transposition of R Matrix (CHOLROFF):0
 KNUTHSUMOFF:                                -1
 RESUME COV ANALYSIS (RESUME):               NO
 SIR SAMPLE SIZE (SIRSAMPLE):
 NON-LINEARLY TRANSFORM THETAS DURING COV (THBND): 1
 PRECONDTIONING CYCLES (PRECOND):        0
 PRECONDTIONING TYPES (PRECONDS):        TOS
 FORCED PRECONDTIONING CYCLES (PFCOND):0
 PRECONDTIONING TYPE (PRETYPE):        0
 FORCED POS. DEFINITE SETTING DURING PRECONDITIONING: (FPOSDEF):0
 SIMPLE POS. DEFINITE SETTING: (POSDEF):-1
0TABLES STEP OMITTED:    NO
 NO. OF TABLES:           1
 SEED NUMBER (SEED):    11456
 NPDTYPE:    0
 INTERPTYPE:    0
 RANMETHOD:             3U
 MC SAMPLES (ESAMPLE):    300
 WRES SQUARE ROOT TYPE (WRESCHOL): EIGENVALUE
0-- TABLE   1 --
0RECORDS ONLY:    ALL
04 COLUMNS APPENDED:    YES
 PRINTED:                NO
 HEADER:                YES
 FILE TO BE FORWARDED:   NO
 FORMAT:                S1PE11.4
 IDFORMAT:
 LFORMAT:
 RFORMAT:
 FIXED_EFFECT_ETAS:
0USER-CHOSEN ITEMS:
 ID TIME DV IPRED CWRES MDV
1DOUBLE PRECISION PREDPP VERSION 7.6.0 (nm760)

 GENERAL NONLINEAR KINETICS MODEL WITH STIFF/NONSTIFF EQUATIONS (LSODA, ADVAN13)
0MODEL SUBROUTINE USER-SUPPLIED - ID NO. 9999
0MAXIMUM NO. OF BASIC PK PARAMETERS:   5
0COMPARTMENT ATTRIBUTES
 COMPT. NO.   FUNCTION   INITIAL    ON/OFF      DOSE      DEFAULT    DEFAULT
                         STATUS     ALLOWED    ALLOWED    FOR DOSE   FOR OBS.
    1         DEPOT        ON         YES        YES        YES        NO
    2         CENTRAL      ON         YES        YES        NO         YES
    3         OUTPUT       OFF        YES        NO         NO         NO
 INITIAL (BASE) TOLERANCE SETTINGS:
 NRD (RELATIVE) VALUE(S) OF TOLERANCE:   9
 ANRD (ABSOLUTE) VALUE(S) OF TOLERANCE:  12
1
 ADDITIONAL PK PARAMETERS - ASSIGNMENT OF ROWS IN GG
 COMPT. NO.                             INDICES
              SCALE      BIOAVAIL.   ZERO-ORDER  ZERO-ORDER  ABSORB
                         FRACTION    RATE        DURATION    LAG
    1            *           6           *           *           *
    2            *           *           *           *           *
    3            *           -           -           -           -
             - PARAMETER IS NOT ALLOWED FOR THIS MODEL
             * PARAMETER IS NOT SUPPLIED BY PK SUBROUTINE;
               WILL DEFAULT TO ONE IF APPLICABLE
0DATA ITEM INDICES USED BY PRED ARE:
   EVENT ID DATA ITEM IS DATA ITEM NO.:      5
   TIME DATA ITEM IS DATA ITEM NO.:          2
   DOSE AMOUNT DATA ITEM IS DATA ITEM NO.:   4
   COMPT. NO. DATA ITEM IS DATA ITEM NO.:    6

0PK SUBROUTINE CALLED WITH EVERY EVENT RECORD.
 PK SUBROUTINE NOT CALLED AT NONEVENT (ADDITIONAL OR LAGGED) DOSE TIMES.
0ERROR SUBROUTINE CALLED WITH EVERY EVENT RECORD.
0ERROR SUBROUTINE INDICATES THAT DERIVATIVES OF COMPARTMENT AMOUNTS ARE USED.
0DES SUBROUTINE USES COMPACT STORAGE MODE.
1


 #TBLN:      1
 #METH: First Order Conditional Estimation with Interaction

 ESTIMATION STEP OMITTED:                 NO
 SHRINK INFO WITH EVALUATION (EVALSHRINK) NO
 ANALYSIS TYPE:                           POPULATION
 NUMBER OF SADDLE POINT RESET ITERATIONS:      0
 GRADIENT METHOD USED:               NOSLOW
 CONDITIONAL ESTIMATES USED:              YES
 CENTERED ETA:                            NO
 EPS-ETA INTERACTION:                     YES
 LAPLACIAN OBJ. FUNC.:                    NO
 NO. OF FUNCT. EVALS. ALLOWED:            9999
 NO. OF SIG. FIGURES REQUIRED:            3
 INTERMEDIATE PRINTOUT:                   YES
 ESTIMATE OUTPUT TO MSF:                  NO
 ABORT WITH PRED EXIT CODE 1:             NO
 IND. OBJ. FUNC. VALUES SORTED:           NO
 NUMERICAL DERIVATIVE
       FILE REQUEST (NUMDER):               NONE
 MAP (ETAHAT) ESTIMATION METHOD (OPTMAP):   0
 ETA HESSIAN EVALUATION METHOD (ETADER):    0
 INITIAL ETA FOR MAP ESTIMATION (MCETA):    0
 SIGDIGITS FOR MAP ESTIMATION (SIGLO):      100
 GRADIENT SIGDIGITS OF
       FIXED EFFECTS PARAMETERS (SIGL):     100
 NOPRIOR SETTING (NOPRIOR):                 0
 NOCOV SETTING (NOCOV):                     OFF
 DERCONT SETTING (DERCONT):                 OFF
 FINAL ETA RE-EVALUATION (FNLETA):          1
 EXCLUDE NON-INFLUENTIAL (NON-INFL.) ETAS
       IN SHRINKAGE (ETASTYPE):             NO
 NON-INFL. ETA CORRECTION (NONINFETA):      0
 RAW OUTPUT FILE (FILE): psn.ext
 EXCLUDE TITLE (NOTITLE):                   NO
 EXCLUDE COLUMN LABELS (NOLABEL):           NO
 FORMAT FOR ADDITIONAL FILES (FORMAT):      S1PE12.5
 PARAMETER ORDER FOR OUTPUTS (ORDER):       TSOL
 KNUTHSUMOFF:                               0
 INCLUDE LNTWOPI:                           NO
 INCLUDE CONSTANT TERM TO PRIOR (PRIORC):   NO
 INCLUDE CONSTANT TERM TO OMEGA (ETA) (OLNTWOPI):NO
 ADDITIONAL CONVERGENCE TEST (CTYPE=4)?:    NO
 EM OR BAYESIAN METHOD USED:                 NONE

 TOLERANCES FOR ESTIMATION/EVALUATION STEP:
 NRD (RELATIVE) VALUE(S) OF TOLERANCE:   9
 ANRD (ABSOLUTE) VALUE(S) OF TOLERANCE:  12
 TOLERANCES FOR COVARIANCE STEP:
 NRD (RELATIVE) VALUE(S) OF TOLERANCE:   9
 ANRD (ABSOLUTE) VALUE(S) OF TOLERANCE:  12
 TOLERANCES FOR TABLE/SCATTER STEP:
 NRD (RELATIVE) VALUE(S) OF TOLERANCE:   9
 ANRD (ABSOLUTE) VALUE(S) OF TOLERANCE:  12

 THE FOLLOWING LABELS ARE EQUIVALENT
 PRED=PREDI
 RES=RESI
 WRES=WRESI
 IWRS=IWRESI
 IPRD=IPREDI
 IRS=IRESI

 MONITORING OF SEARCH:


0ITERATION NO.:    0    OBJECTIVE VALUE:   757.456083863739        NO. OF FUNC. EVALS.:   7
 CUMULATIVE NO. OF FUNC. EVALS.:        7
 NPARAMETR:  5.0000E+00  5.0000E+01  2.0000E+00  1.5000E+00  9.0000E-02  9.0000E-02  2.2500E-02
 PARAMETER:  1.0000E-01  1.0000E-01  1.0000E-01  1.0000E-01  1.0000E-01  1.0000E-01  1.0000E-01
 GRADIENT:  -2.6440E+01 -8.2376E+01 -8.8764E+02 -1.0650E+03  9.9437E+00 -5.9190E+00 -3.2247E+03

0ITERATION NO.:    5    OBJECTIVE VALUE:  -778.896592361346        NO. OF FUNC. EVALS.:  41
 CUMULATIVE NO. OF FUNC. EVALS.:       48
 NPARAMETR:  7.4260E+00  9.0306E+01  1.4529E+00  3.8426E+00  6.6095E-02  6.9666E-02  2.1746E-01
 PARAMETER:  5.2807E-01  8.3342E-01 -2.5385E-01  1.4057E+00 -5.4358E-02 -2.8048E-02  1.2343E+00
 GRADIENT:   8.2342E+01  6.0932E+01  9.3248E+01  2.5017E+02 -4.3010E+00  3.2589E+00  2.0059E+02

0ITERATION NO.:   10    OBJECTIVE VALUE:  -911.071123520185        NO. OF FUNC. EVALS.:  43
 CUMULATIVE NO. OF FUNC. EVALS.:       91
 NPARAMETR:  5.1440E+00  5.8985E+01  1.7393E+00  3.3828E+00  2.1982E-02  5.7974E-02  7.9800E-02
 PARAMETER:  1.3047E-01  3.0221E-01 -5.5291E-02  1.2026E+00 -6.0479E-01 -1.1991E-01  7.3300E-01
 GRADIENT:  -8.4405E+01 -2.0864E+01  9.2128E+01 -2.5156E+01 -2.1967E+01  8.0507E+00  1.4695E+02

0ITERATION NO.:   15    OBJECTIVE VALUE:  -943.790139267272        NO. OF FUNC. EVALS.:  40
 CUMULATIVE NO. OF FUNC. EVALS.:      131
 NPARAMETR:  5.3733E+00  6.2734E+01  1.6595E+00  3.4763E+00  5.0215E-02  4.1724E-02  4.7330E-02
 PARAMETER:  1.7737E-01  3.7788E-01 -1.0726E-01  1.2449E+00 -1.9175E-01 -2.8436E-01  4.7182E-01
 GRADIENT:  -1.9786E+00  2.0775E-01  2.0763E+01  2.2630E+01 -2.2367E-01 -3.0066E-01 -4.5341E+00

0ITERATION NO.:   20    OBJECTIVE VALUE:  -943.829054296764        NO. OF FUNC. EVALS.:  55
 CUMULATIVE NO. OF FUNC. EVALS.:      186
 NPARAMETR:  5.3977E+00  6.2956E+01  1.6574E+00  3.4764E+00  5.0833E-02  4.2076E-02  4.8058E-02
 PARAMETER:  1.8223E-01  3.8223E-01 -1.0868E-01  1.2450E+00 -1.8563E-01 -2.8017E-01  4.7945E-01
 GRADIENT:  -5.9714E-02 -3.7530E-01  1.5384E+00 -3.2009E+00  1.2596E-01  3.6886E-02  7.9605E-01

0ITERATION NO.:   23    OBJECTIVE VALUE:  -943.832623987476        NO. OF FUNC. EVALS.:  42
 CUMULATIVE NO. OF FUNC. EVALS.:      228
 NPARAMETR:  5.3976E+00  6.3017E+01  1.6557E+00  3.4790E+00  5.0675E-02  4.2042E-02  4.7965E-02
 PARAMETER:  1.8221E-01  3.8342E-01 -1.0978E-01  1.2462E+00 -1.8719E-01 -2.8057E-01  4.7847E-01
 GRADIENT:  -5.0535E-03 -1.5861E-03  5.4611E-02  6.0645E-02  2.1089E-03 -2.8988E-03  7.8486E-03

 #TERM:
0MINIMIZATION SUCCESSFUL
 NO. OF FUNCTION EVALUATIONS USED:      228
 NO. OF SIG. DIGITS IN FINAL EST.:  3.7

 ETABAR IS THE ARITHMETIC MEAN OF THE ETA-ESTIMATES,
 AND THE P-VALUE IS GIVEN FOR THE NULL HYPOTHESIS THAT THE TRUE MEAN IS 0.

 ETABAR:         5.1176E-03 -4.2517E-03
 SE:             4.6601E-02  4.2855E-02
 N:                      20          20

 P VAL.:         9.1255E-01  9.2097E-01

 ETASHRINKSD(%)  7.3927E+00  6.5055E+00
 ETASHRINKVR(%)  1.4239E+01  1.2588E+01
 EBVSHRINKSD(%)  6.8406E+00  6.2806E+00
 EBVSHRINKVR(%)  1.3213E+01  1.2167E+01
 RELATIVEINF(%)  8.6760E+01  8.7806E+01
 EPSSHRINKSD(%)  6.8259E+00
 EPSSHRINKVR(%)  1.3186E+01

  
 TOTAL DATA POINTS NORMALLY DISTRIBUTED (N):          240
 N*LOG(2PI) CONSTANT TO OBJECTIVE FUNCTION:    441.09049593824290     
 OBJECTIVE FUNCTION VALUE WITHOUT CONSTANT:   -943.83262398747581     
 OBJECTIVE FUNCTION VALUE WITH CONSTANT:      -502.74212804923292     
 REPORTED OBJECTIVE FUNCTION DOES NOT CONTAIN CONSTANT
  
 TOTAL EFFECTIVE ETAS (NIND*NETA):                            40
  
 #TERE:
 Elapsed estimation  time in seconds:     9.96
 Elapsed covariance  time in seconds:     7.14
 Elapsed postprocess time in seconds:     0.13
1
 
 
 
 
 
 
 
 
 
 
 
 
 
 
 
 
 
 
 
 
 ************************************************************************************************************************
 ********************                                                                                ********************
 ********************               FIRST ORDER CONDITIONAL ESTIMATION WITH INTERACTION              ********************
 #OBJT:**************                       MINIMUM VALUE OF OBJECTIVE FUNCTION                      ********************
 ********************                                                                                ********************
 ************************************************************************************************************************
 





 #OBJV:********************************************          -943.833       *********************************************
1
 ************************************************************************************************************************
 ********************                                                                                ********************
 ********************               FIRST ORDER CONDITIONAL ESTIMATION WITH INTERACTION              ********************
 ********************                             FINAL PARAMETER ESTIMATE                           ********************
 ********************                                                                                ********************
 ************************************************************************************************************************
 


 THETA - VECTOR OF FIXED EFFECTS PARAMETERS   *********


         TH 1      TH 2      TH 3      TH 4     
 
         5.40E+00  6.30E+01  1.66E+00  3.48E+00
 


 OMEGA - COV MATRIX FOR RANDOM EFFECTS - ETAS  ********


         ETA1      ETA2     
 
 ETA1
+        5.07E-02
 
 ETA2
+        0.00E+00  4.20E-02
 


 SIGMA - COV MATRIX FOR RANDOM EFFECTS - EPSILONS  ****


         EPS1     
 
 EPS1
+        4.80E-02
 
1


 OMEGA - CORR MATRIX FOR RANDOM EFFECTS - ETAS  *******


         ETA1      ETA2     
 
 ETA1
+        2.25E-01
 
 ETA2
+        0.00E+00  2.05E-01
 


 SIGMA - CORR MATRIX FOR RANDOM EFFECTS - EPSILONS  ***


         EPS1     
 
 EPS1
+        2.19E-01
 
1
 ************************************************************************************************************************
 ********************                                                                                ********************
 ********************               FIRST ORDER CONDITIONAL ESTIMATION WITH INTERACTION              ********************
 ********************                            STANDARD ERROR OF ESTIMATE                          ********************
 ********************                                                                                ********************
 ************************************************************************************************************************
 


 THETA - VECTOR OF FIXED EFFECTS PARAMETERS   *********


         TH 1      TH 2      TH 3      TH 4     
 
         3.15E-01  3.09E+00  2.93E-02  4.16E-02
 


 OMEGA - COV MATRIX FOR RANDOM EFFECTS - ETAS  ********


         ETA1      ETA2     
 
 ETA1
+        1.81E-02
 
 ETA2
+       .........  1.52E-02
 


 SIGMA - COV MATRIX FOR RANDOM EFFECTS - EPSILONS  ****


         EPS1     
 
 EPS1
+        3.82E-03
 
1


 OMEGA - CORR MATRIX FOR RANDOM EFFECTS - ETAS  *******


         ETA1      ETA2     
 
 ETA1
+        4.03E-02
 
 ETA2
+       .........  3.70E-02
 


 SIGMA - CORR MATRIX FOR RANDOM EFFECTS - EPSILONS  ***


         EPS1     
 
 EPS1
+        8.72E-03
 
1
 ************************************************************************************************************************
 ********************                                                                                ********************
 ********************               FIRST ORDER CONDITIONAL ESTIMATION WITH INTERACTION              ********************
 ********************                          COVARIANCE MATRIX OF ESTIMATE                         ********************
 ********************                                                                                ********************
 ************************************************************************************************************************
 

            TH 1      TH 2      TH 3      TH 4      OM11      OM12      OM22      SG11  
 
 TH 1
+        9.90E-02
 
 TH 2
+        1.90E-02  9.55E+00
 
 TH 3
+       -7.35E-04 -2.75E-02  8.57E-04
 
 TH 4
+        1.13E-03  2.89E-02 -1.05E-03  1.73E-03
 
 OM11
+       -1.23E-03  4.40E-03 -2.17E-05  2.93E-05  3.29E-04
 
 OM12
+       ......... ......... ......... ......... ......... .........
 
 OM22
+        6.28E-04 -2.18E-02 -2.06E-05 -5.18E-05 -7.69E-05 .........  2.30E-04
 
 SG11
+        2.89E-04  5.01E-04 -2.16E-05 -4.19E-06  5.57E-06 ......... -6.31E-06  1.46E-05
 
1
 ************************************************************************************************************************
 ********************                                                                                ********************
 ********************               FIRST ORDER CONDITIONAL ESTIMATION WITH INTERACTION              ********************
 ********************                          CORRELATION MATRIX OF ESTIMATE                        ********************
 ********************                                                                                ********************
 ************************************************************************************************************************
 

            TH 1      TH 2      TH 3      TH 4      OM11      OM12      OM22      SG11  
 
 TH 1
+        3.15E-01
 
 TH 2
+        1.95E-02  3.09E+00
 
 TH 3
+       -7.98E-02 -3.04E-01  2.93E-02
 
 TH 4
+        8.65E-02  2.25E-01 -8.62E-01  4.16E-02
 
 OM11
+       -2.15E-01  7.84E-02 -4.09E-02  3.88E-02  1.81E-02
 
 OM12
+       ......... ......... ......... ......... ......... .........
 
 OM22
+        1.32E-01 -4.64E-01 -4.63E-02 -8.21E-02 -2.79E-01 .........  1.52E-02
 
 SG11
+        2.41E-01  4.25E-02 -1.94E-01 -2.64E-02  8.03E-02 ......... -1.09E-01  3.82E-03
 
1
 ************************************************************************************************************************
 ********************                                                                                ********************
 ********************               FIRST ORDER CONDITIONAL ESTIMATION WITH INTERACTION              ********************
 ********************                      INVERSE COVARIANCE MATRIX OF ESTIMATE                     ********************
 ********************                                                                                ********************
 ************************************************************************************************************************
 

            TH 1      TH 2      TH 3      TH 4      OM11      OM12      OM22      SG11  
 
 TH 1
+        1.23E+01
 
 TH 2
+       -2.26E-01  1.78E-01
 
 TH 3
+       -6.68E+01  1.73E+01  8.05E+03
 
 TH 4
+       -4.85E+01  8.43E+00  4.80E+03  3.48E+03
 
 OM11
+        3.91E+01  1.83E+00  3.31E+02  1.21E+02  3.48E+03
 
 OM12
+       ......... ......... ......... ......... ......... .........
 
 OM22
+       -6.96E+01  2.25E+01  4.17E+03  2.45E+03  1.26E+03 .........  8.30E+03
 
 SG11
+       -3.94E+02  3.55E+01  1.57E+04  9.81E+03 -1.10E+03 .........  1.06E+04  1.06E+05
 
 Elapsed finaloutput time in seconds:     0.01
 #CPUT: Total CPU Time in Seconds,       17.362
Stop Time:
Thu Jun 25 08:30:36 AM UTC 2026
